This file contains any messages produced by compilers while
running configure, to aid debugging if configure makes a mistake.

It was created by configure, which was
generated by GNU Autoconf 2.68.  Invocation command line was

  $ ./configure --host=x86_64-apple-darwin16 --enable-static --disable-shared --without-python --without-crypto --with-debug --with-libxml-prefix=/Users/shantanujoshi/Documents/shantanujoshi.github.io/vendor/bundle/ruby/2.0.0/gems/nokogiri-1.6.7.2/ports/x86_64-apple-darwin16/libxml2/2.9.2 --disable-shared --enable-static CFLAGS=-fPIC   -arch x86_64 -arch i386 LDFLAGS=-L/Users/shantanujoshi/Documents/shantanujoshi.github.io/vendor/bundle/ruby/2.0.0/gems/nokogiri-1.6.7.2/ports/x86_64-apple-darwin16/libxml2/2.9.2/lib  -arch x86_64 -arch i386 --prefix=/Users/shantanujoshi/Documents/shantanujoshi.github.io/vendor/bundle/ruby/2.0.0/gems/nokogiri-1.6.7.2/ports/x86_64-apple-darwin16/libxslt/1.1.28

## --------- ##
## Platform. ##
## --------- ##

hostname = Shantanus-MBP
uname -m = x86_64
uname -r = 16.6.0
uname -s = Darwin
uname -v = Darwin Kernel Version 16.6.0: Fri Apr 14 16:21:16 PDT 2017; root:xnu-3789.60.24~6/RELEASE_X86_64

/usr/bin/uname -p = i386
/bin/uname -X     = unknown

/bin/arch              = unknown
/usr/bin/arch -k       = unknown
/usr/convex/getsysinfo = unknown
/usr/bin/hostinfo      = Mach kernel version:
	 Darwin Kernel Version 16.6.0: Fri Apr 14 16:21:16 PDT 2017; root:xnu-3789.60.24~6/RELEASE_X86_64
Kernel configured for up to 8 processors.
4 processors are physically available.
8 processors are logically available.
Processor type: x86_64h (Intel x86-64h Haswell)
Processors active: 0 1 2 3 4 5 6 7
Primary memory available: 16.00 gigabytes
Default processor set: 357 tasks, 1748 threads, 8 processors
Load average: 4.61, Mach factor: 3.60
/bin/machine           = unknown
/usr/bin/oslevel       = unknown
/bin/universe          = unknown

PATH: /Users/shantanujoshi/Documents/shantanujoshi.github.io/vendor/bundle/ruby/2.0.0/gems/nokogiri-1.6.7.2/ports/x86_64-apple-darwin16/libxml2/2.9.2/bin
PATH: /usr/local/bin
PATH: /usr/bin
PATH: /bin
PATH: /usr/sbin
PATH: /sbin


## ----------- ##
## Core tests. ##
## ----------- ##

configure:2307: checking build system type
configure:2321: result: x86_64-apple-darwin16.6.0
configure:2341: checking host system type
configure:2354: result: x86_64-apple-darwin16
configure:2382: checking for x86_64-apple-darwin16-gcc
configure:2412: result: no
configure:2422: checking for gcc
configure:2438: found /usr/bin/gcc
configure:2449: result: gcc
configure:2678: checking for C compiler version
configure:2687: gcc --version >&5
Apple LLVM version 8.1.0 (clang-802.0.42)
Target: x86_64-apple-darwin16.6.0
Thread model: posix
InstalledDir: /Applications/Xcode.app/Contents/Developer/Toolchains/XcodeDefault.xctoolchain/usr/bin
Configured with: --prefix=/Applications/Xcode.app/Contents/Developer/usr --with-gxx-include-dir=/usr/include/c++/4.2.1
configure:2698: $? = 0
configure:2687: gcc -v >&5
Configured with: --prefix=/Applications/Xcode.app/Contents/Developer/usr --with-gxx-include-dir=/usr/include/c++/4.2.1
Apple LLVM version 8.1.0 (clang-802.0.42)
Target: x86_64-apple-darwin16.6.0
Thread model: posix
InstalledDir: /Applications/Xcode.app/Contents/Developer/Toolchains/XcodeDefault.xctoolchain/usr/bin
configure:2698: $? = 0
configure:2687: gcc -V >&5
clang: error: argument to '-V' is missing (expected 1 value)
clang: error: no input files
configure:2698: $? = 1
configure:2687: gcc -qversion >&5
clang: error: unknown argument: '-qversion'
clang: error: no input files
configure:2698: $? = 1
configure:2718: checking whether the C compiler works
configure:2740: gcc -fPIC   -arch x86_64 -arch i386  -L/Users/shantanujoshi/Documents/shantanujoshi.github.io/vendor/bundle/ruby/2.0.0/gems/nokogiri-1.6.7.2/ports/x86_64-apple-darwin16/libxml2/2.9.2/lib  -arch x86_64 -arch i386 conftest.c  >&5
configure:2744: $? = 0
configure:2792: result: yes
configure:2795: checking for C compiler default output file name
configure:2797: result: a.out
configure:2803: checking for suffix of executables
configure:2810: gcc -o conftest -fPIC   -arch x86_64 -arch i386  -L/Users/shantanujoshi/Documents/shantanujoshi.github.io/vendor/bundle/ruby/2.0.0/gems/nokogiri-1.6.7.2/ports/x86_64-apple-darwin16/libxml2/2.9.2/lib  -arch x86_64 -arch i386 conftest.c  >&5
configure:2814: $? = 0
configure:2836: result: 
configure:2858: checking whether we are cross compiling
configure:2866: gcc -o conftest -fPIC   -arch x86_64 -arch i386  -L/Users/shantanujoshi/Documents/shantanujoshi.github.io/vendor/bundle/ruby/2.0.0/gems/nokogiri-1.6.7.2/ports/x86_64-apple-darwin16/libxml2/2.9.2/lib  -arch x86_64 -arch i386 conftest.c  >&5
configure:2870: $? = 0
configure:2877: ./conftest
configure:2881: $? = 0
configure:2896: result: no
configure:2901: checking for suffix of object files
configure:2923: gcc -c -fPIC   -arch x86_64 -arch i386  conftest.c >&5
configure:2927: $? = 0
configure:2948: result: o
configure:2952: checking whether we are using the GNU C compiler
configure:2971: gcc -c -fPIC   -arch x86_64 -arch i386  conftest.c >&5
configure:2971: $? = 0
configure:2980: result: yes
configure:2989: checking whether gcc accepts -g
configure:3009: gcc -c -g  conftest.c >&5
configure:3009: $? = 0
configure:3050: result: yes
configure:3067: checking for gcc option to accept ISO C89
configure:3131: gcc  -c -fPIC   -arch x86_64 -arch i386  conftest.c >&5
configure:3131: $? = 0
configure:3144: result: none needed
configure:3170: checking how to run the C preprocessor
configure:3201: gcc -E  conftest.c
configure:3201: $? = 0
configure:3215: gcc -E  conftest.c
conftest.c:9:10: fatal error: 'ac_nonexistent.h' file not found
#include <ac_nonexistent.h>
         ^
1 error generated.
configure:3215: $? = 1
configure: failed program was:
| /* confdefs.h */
| #define PACKAGE_NAME ""
| #define PACKAGE_TARNAME ""
| #define PACKAGE_VERSION ""
| #define PACKAGE_STRING ""
| #define PACKAGE_BUGREPORT ""
| #define PACKAGE_URL ""
| /* end confdefs.h.  */
| #include <ac_nonexistent.h>
configure:3240: result: gcc -E
configure:3260: gcc -E  conftest.c
configure:3260: $? = 0
configure:3274: gcc -E  conftest.c
conftest.c:9:10: fatal error: 'ac_nonexistent.h' file not found
#include <ac_nonexistent.h>
         ^
1 error generated.
configure:3274: $? = 1
configure: failed program was:
| /* confdefs.h */
| #define PACKAGE_NAME ""
| #define PACKAGE_TARNAME ""
| #define PACKAGE_VERSION ""
| #define PACKAGE_STRING ""
| #define PACKAGE_BUGREPORT ""
| #define PACKAGE_URL ""
| /* end confdefs.h.  */
| #include <ac_nonexistent.h>
configure:3303: checking for grep that handles long lines and -e
configure:3361: result: /usr/bin/grep
configure:3366: checking for egrep
configure:3428: result: /usr/bin/grep -E
configure:3433: checking for ANSI C header files
configure:3453: gcc -c -fPIC   -arch x86_64 -arch i386  conftest.c >&5
configure:3453: $? = 0
configure:3526: gcc -o conftest -fPIC   -arch x86_64 -arch i386  -L/Users/shantanujoshi/Documents/shantanujoshi.github.io/vendor/bundle/ruby/2.0.0/gems/nokogiri-1.6.7.2/ports/x86_64-apple-darwin16/libxml2/2.9.2/lib  -arch x86_64 -arch i386 conftest.c  >&5
configure:3526: $? = 0
configure:3526: ./conftest
configure:3526: $? = 0
configure:3537: result: yes
configure:3550: checking for sys/types.h
configure:3550: gcc -c -fPIC   -arch x86_64 -arch i386  conftest.c >&5
configure:3550: $? = 0
configure:3550: result: yes
configure:3550: checking for sys/stat.h
configure:3550: gcc -c -fPIC   -arch x86_64 -arch i386  conftest.c >&5
configure:3550: $? = 0
configure:3550: result: yes
configure:3550: checking for stdlib.h
configure:3550: gcc -c -fPIC   -arch x86_64 -arch i386  conftest.c >&5
configure:3550: $? = 0
configure:3550: result: yes
configure:3550: checking for string.h
configure:3550: gcc -c -fPIC   -arch x86_64 -arch i386  conftest.c >&5
configure:3550: $? = 0
configure:3550: result: yes
configure:3550: checking for memory.h
configure:3550: gcc -c -fPIC   -arch x86_64 -arch i386  conftest.c >&5
configure:3550: $? = 0
configure:3550: result: yes
configure:3550: checking for strings.h
configure:3550: gcc -c -fPIC   -arch x86_64 -arch i386  conftest.c >&5
configure:3550: $? = 0
configure:3550: result: yes
configure:3550: checking for inttypes.h
configure:3550: gcc -c -fPIC   -arch x86_64 -arch i386  conftest.c >&5
configure:3550: $? = 0
configure:3550: result: yes
configure:3550: checking for stdint.h
configure:3550: gcc -c -fPIC   -arch x86_64 -arch i386  conftest.c >&5
configure:3550: $? = 0
configure:3550: result: yes
configure:3550: checking for unistd.h
configure:3550: gcc -c -fPIC   -arch x86_64 -arch i386  conftest.c >&5
configure:3550: $? = 0
configure:3550: result: yes
configure:3563: checking minix/config.h usability
configure:3563: gcc -c -fPIC   -arch x86_64 -arch i386  conftest.c >&5
conftest.c:52:10: fatal error: 'minix/config.h' file not found
#include <minix/config.h>
         ^
1 error generated.
configure:3563: $? = 1
configure: failed program was:
| /* confdefs.h */
| #define PACKAGE_NAME ""
| #define PACKAGE_TARNAME ""
| #define PACKAGE_VERSION ""
| #define PACKAGE_STRING ""
| #define PACKAGE_BUGREPORT ""
| #define PACKAGE_URL ""
| #define STDC_HEADERS 1
| #define HAVE_SYS_TYPES_H 1
| #define HAVE_SYS_STAT_H 1
| #define HAVE_STDLIB_H 1
| #define HAVE_STRING_H 1
| #define HAVE_MEMORY_H 1
| #define HAVE_STRINGS_H 1
| #define HAVE_INTTYPES_H 1
| #define HAVE_STDINT_H 1
| #define HAVE_UNISTD_H 1
| /* end confdefs.h.  */
| #include <stdio.h>
| #ifdef HAVE_SYS_TYPES_H
| # include <sys/types.h>
| #endif
| #ifdef HAVE_SYS_STAT_H
| # include <sys/stat.h>
| #endif
| #ifdef STDC_HEADERS
| # include <stdlib.h>
| # include <stddef.h>
| #else
| # ifdef HAVE_STDLIB_H
| #  include <stdlib.h>
| # endif
| #endif
| #ifdef HAVE_STRING_H
| # if !defined STDC_HEADERS && defined HAVE_MEMORY_H
| #  include <memory.h>
| # endif
| # include <string.h>
| #endif
| #ifdef HAVE_STRINGS_H
| # include <strings.h>
| #endif
| #ifdef HAVE_INTTYPES_H
| # include <inttypes.h>
| #endif
| #ifdef HAVE_STDINT_H
| # include <stdint.h>
| #endif
| #ifdef HAVE_UNISTD_H
| # include <unistd.h>
| #endif
| #include <minix/config.h>
configure:3563: result: no
configure:3563: checking minix/config.h presence
configure:3563: gcc -E  conftest.c
conftest.c:19:10: fatal error: 'minix/config.h' file not found
#include <minix/config.h>
         ^
1 error generated.
configure:3563: $? = 1
configure: failed program was:
| /* confdefs.h */
| #define PACKAGE_NAME ""
| #define PACKAGE_TARNAME ""
| #define PACKAGE_VERSION ""
| #define PACKAGE_STRING ""
| #define PACKAGE_BUGREPORT ""
| #define PACKAGE_URL ""
| #define STDC_HEADERS 1
| #define HAVE_SYS_TYPES_H 1
| #define HAVE_SYS_STAT_H 1
| #define HAVE_STDLIB_H 1
| #define HAVE_STRING_H 1
| #define HAVE_MEMORY_H 1
| #define HAVE_STRINGS_H 1
| #define HAVE_INTTYPES_H 1
| #define HAVE_STDINT_H 1
| #define HAVE_UNISTD_H 1
| /* end confdefs.h.  */
| #include <minix/config.h>
configure:3563: result: no
configure:3563: checking for minix/config.h
configure:3563: result: no
configure:3584: checking whether it is safe to define __EXTENSIONS__
configure:3602: gcc -c -fPIC   -arch x86_64 -arch i386  conftest.c >&5
configure:3602: $? = 0
configure:3609: result: yes
configure:3710: checking for a BSD-compatible install
configure:3778: result: /usr/bin/install -c
configure:3789: checking whether build environment is sane
configure:3839: result: yes
configure:3980: checking for a thread-safe mkdir -p
configure:4019: result: ./install-sh -c -d
configure:4032: checking for gawk
configure:4062: result: no
configure:4032: checking for mawk
configure:4062: result: no
configure:4032: checking for nawk
configure:4062: result: no
configure:4032: checking for awk
configure:4048: found /usr/bin/awk
configure:4059: result: awk
configure:4070: checking whether make sets $(MAKE)
configure:4092: result: yes
configure:4122: checking for style of include used by make
configure:4150: result: GNU
configure:4236: checking dependency style of gcc
configure:4347: result: gcc3
configure:4380: checking whether make supports nested variables
configure:4397: result: yes
configure:4439: checking for x86_64-apple-darwin16-gcc
configure:4466: result: gcc
configure:4735: checking for C compiler version
configure:4744: gcc --version >&5
Apple LLVM version 8.1.0 (clang-802.0.42)
Target: x86_64-apple-darwin16.6.0
Thread model: posix
InstalledDir: /Applications/Xcode.app/Contents/Developer/Toolchains/XcodeDefault.xctoolchain/usr/bin
Configured with: --prefix=/Applications/Xcode.app/Contents/Developer/usr --with-gxx-include-dir=/usr/include/c++/4.2.1
configure:4755: $? = 0
configure:4744: gcc -v >&5
Configured with: --prefix=/Applications/Xcode.app/Contents/Developer/usr --with-gxx-include-dir=/usr/include/c++/4.2.1
Apple LLVM version 8.1.0 (clang-802.0.42)
Target: x86_64-apple-darwin16.6.0
Thread model: posix
InstalledDir: /Applications/Xcode.app/Contents/Developer/Toolchains/XcodeDefault.xctoolchain/usr/bin
configure:4755: $? = 0
configure:4744: gcc -V >&5
clang: error: argument to '-V' is missing (expected 1 value)
clang: error: no input files
configure:4755: $? = 1
configure:4744: gcc -qversion >&5
clang: error: unknown argument: '-qversion'
clang: error: no input files
configure:4755: $? = 1
configure:4759: checking whether we are using the GNU C compiler
configure:4787: result: yes
configure:4796: checking whether gcc accepts -g
configure:4857: result: yes
configure:4874: checking for gcc option to accept ISO C89
configure:4951: result: none needed
configure:4977: checking how to run the C preprocessor
configure:5047: result: gcc -E
configure:5067: gcc -E  conftest.c
configure:5067: $? = 0
configure:5081: gcc -E  conftest.c
conftest.c:26:10: fatal error: 'ac_nonexistent.h' file not found
#include <ac_nonexistent.h>
         ^
1 error generated.
configure:5081: $? = 1
configure: failed program was:
| /* confdefs.h */
| #define PACKAGE_NAME ""
| #define PACKAGE_TARNAME ""
| #define PACKAGE_VERSION ""
| #define PACKAGE_STRING ""
| #define PACKAGE_BUGREPORT ""
| #define PACKAGE_URL ""
| #define STDC_HEADERS 1
| #define HAVE_SYS_TYPES_H 1
| #define HAVE_SYS_STAT_H 1
| #define HAVE_STDLIB_H 1
| #define HAVE_STRING_H 1
| #define HAVE_MEMORY_H 1
| #define HAVE_STRINGS_H 1
| #define HAVE_INTTYPES_H 1
| #define HAVE_STDINT_H 1
| #define HAVE_UNISTD_H 1
| #define __EXTENSIONS__ 1
| #define _ALL_SOURCE 1
| #define _GNU_SOURCE 1
| #define _POSIX_PTHREAD_SEMANTICS 1
| #define _TANDEM_SOURCE 1
| #define PACKAGE "libxslt"
| #define VERSION "1.1.28"
| /* end confdefs.h.  */
| #include <ac_nonexistent.h>
configure:5111: checking for rm
configure:5129: found /bin/rm
configure:5142: result: /bin/rm
configure:5152: checking for mv
configure:5170: found /bin/mv
configure:5183: result: /bin/mv
configure:5193: checking for tar
configure:5211: found /usr/bin/tar
configure:5224: result: /usr/bin/tar
configure:5234: checking for xmllint
configure:5252: found /Users/shantanujoshi/Documents/shantanujoshi.github.io/vendor/bundle/ruby/2.0.0/gems/nokogiri-1.6.7.2/ports/x86_64-apple-darwin16/libxml2/2.9.2/bin/xmllint
configure:5265: result: /Users/shantanujoshi/Documents/shantanujoshi.github.io/vendor/bundle/ruby/2.0.0/gems/nokogiri-1.6.7.2/ports/x86_64-apple-darwin16/libxml2/2.9.2/bin/xmllint
configure:5275: checking for xsltproc
configure:5293: found /usr/bin/xsltproc
configure:5306: result: /usr/bin/xsltproc
configure:5315: checking for ANSI C header files
configure:5419: result: yes
configure:5474: checking how to print strings
configure:5501: result: printf
configure:5522: checking for a sed that does not truncate output
configure:5586: result: /usr/bin/sed
configure:5604: checking for fgrep
configure:5666: result: /usr/bin/grep -F
configure:5701: checking for ld used by gcc
configure:5768: result: /Applications/Xcode.app/Contents/Developer/Toolchains/XcodeDefault.xctoolchain/usr/bin/ld
configure:5775: checking if the linker (/Applications/Xcode.app/Contents/Developer/Toolchains/XcodeDefault.xctoolchain/usr/bin/ld) is GNU ld
configure:5790: result: no
configure:5802: checking for BSD- or MS-compatible name lister (nm)
configure:5851: result: no
configure:5865: checking for x86_64-apple-darwin16-dumpbin
configure:5895: result: no
configure:5865: checking for x86_64-apple-darwin16-link
configure:5895: result: no
configure:5909: checking for dumpbin
configure:5939: result: no
configure:5909: checking for link
configure:5925: found /bin/link
configure:5936: result: link -dump
configure:5981: checking the name lister (nm) interface
configure:5988: gcc -c -fPIC   -arch x86_64 -arch i386  conftest.c >&5
configure:5991: nm "conftest.o"
configure:5994: output
0000000000000000 S _some_variable
configure:6001: result: BSD nm
configure:6004: checking whether ln -s works
configure:6008: result: yes
configure:6016: checking the maximum length of command line arguments
configure:6146: result: 196608
configure:6163: checking whether the shell understands some XSI constructs
configure:6173: result: yes
configure:6177: checking whether the shell understands "+="
configure:6183: result: yes
configure:6218: checking how to convert x86_64-apple-darwin16.6.0 file names to x86_64-apple-darwin16 format
configure:6258: result: func_convert_file_noop
configure:6265: checking how to convert x86_64-apple-darwin16.6.0 file names to toolchain format
configure:6285: result: func_convert_file_noop
configure:6292: checking for /Applications/Xcode.app/Contents/Developer/Toolchains/XcodeDefault.xctoolchain/usr/bin/ld option to reload object files
configure:6299: result: -r
configure:6333: checking for x86_64-apple-darwin16-objdump
configure:6363: result: no
configure:6373: checking for objdump
configure:6389: found /usr/bin/objdump
configure:6400: result: objdump
configure:6429: checking how to recognize dependent libraries
configure:6631: result: pass_all
configure:6676: checking for x86_64-apple-darwin16-dlltool
configure:6706: result: no
configure:6716: checking for dlltool
configure:6746: result: no
configure:6773: checking how to associate runtime and link libraries
configure:6800: result: printf %s\n
configure:6816: checking for x86_64-apple-darwin16-ar
configure:6846: result: no
configure:6860: checking for ar
configure:6876: found /usr/bin/ar
configure:6887: result: ar
configure:6924: checking for archiver @FILE support
configure:6941: gcc -c -fPIC   -arch x86_64 -arch i386  conftest.c >&5
configure:6941: $? = 0
configure:6944: ar cru libconftest.a @conftest.lst >&5
ar: @conftest.lst: No such file or directory
configure:6947: $? = 1
configure:6967: result: no
configure:6985: checking for x86_64-apple-darwin16-strip
configure:7015: result: no
configure:7025: checking for strip
configure:7041: found /usr/bin/strip
configure:7052: result: strip
configure:7084: checking for x86_64-apple-darwin16-ranlib
configure:7114: result: no
configure:7124: checking for ranlib
configure:7140: found /usr/bin/ranlib
configure:7151: result: ranlib
configure:7253: checking command to parse nm output from gcc object
configure:7373: gcc -c -fPIC   -arch x86_64 -arch i386  conftest.c >&5
configure:7376: $? = 0
configure:7380: nm conftest.o \| sed -n -e 's/^.*[ ]\([BCDEGRST][BCDEGRST]*\)[ ][ ]*\([_A-Za-z][_A-Za-z0-9]*\)$/\1 \2 \2/p' | sed '/ __gnu_lto/d' \> conftest.nm
configure:7383: $? = 0
cannot find nm_test_var in conftest.nm
configure:7373: gcc -c -fPIC   -arch x86_64 -arch i386  conftest.c >&5
configure:7376: $? = 0
configure:7380: nm conftest.o \| sed -n -e 's/^.*[ ]\([BCDEGRST][BCDEGRST]*\)[ ][ ]*_\([_A-Za-z][_A-Za-z0-9]*\)$/\1 _\2 \2/p' | sed '/ __gnu_lto/d' \> conftest.nm
configure:7383: $? = 0
configure:7449: gcc -o conftest -fPIC   -arch x86_64 -arch i386  -L/Users/shantanujoshi/Documents/shantanujoshi.github.io/vendor/bundle/ruby/2.0.0/gems/nokogiri-1.6.7.2/ports/x86_64-apple-darwin16/libxml2/2.9.2/lib  -arch x86_64 -arch i386 conftest.c conftstm.o >&5
configure:7452: $? = 0
configure:7490: result: ok
configure:7527: checking for sysroot
configure:7557: result: no
configure:7773: checking for x86_64-apple-darwin16-mt
configure:7803: result: no
configure:7813: checking for mt
configure:7843: result: no
configure:7863: checking if : is a manifest tool
configure:7869: : '-?'
configure:7877: result: no
configure:7893: checking for x86_64-apple-darwin16-dsymutil
configure:7923: result: no
configure:7933: checking for dsymutil
configure:7949: found /usr/bin/dsymutil
configure:7960: result: dsymutil
configure:7985: checking for x86_64-apple-darwin16-nmedit
configure:8015: result: no
configure:8025: checking for nmedit
configure:8041: found /usr/bin/nmedit
configure:8052: result: nmedit
configure:8077: checking for x86_64-apple-darwin16-lipo
configure:8107: result: no
configure:8117: checking for lipo
configure:8133: found /usr/bin/lipo
configure:8144: result: lipo
configure:8169: checking for x86_64-apple-darwin16-otool
configure:8199: result: no
configure:8209: checking for otool
configure:8225: found /usr/bin/otool
configure:8236: result: otool
configure:8261: checking for x86_64-apple-darwin16-otool64
configure:8291: result: no
configure:8301: checking for otool64
configure:8331: result: no
configure:8376: checking for -single_module linker flag
gcc -fPIC   -arch x86_64 -arch i386 -L/Users/shantanujoshi/Documents/shantanujoshi.github.io/vendor/bundle/ruby/2.0.0/gems/nokogiri-1.6.7.2/ports/x86_64-apple-darwin16/libxml2/2.9.2/lib  -arch x86_64 -arch i386 -o libconftest.dylib -dynamiclib -Wl,-single_module conftest.c
configure:8409: result: yes
configure:8412: checking for -exported_symbols_list linker flag
configure:8432: gcc -o conftest -fPIC   -arch x86_64 -arch i386  -L/Users/shantanujoshi/Documents/shantanujoshi.github.io/vendor/bundle/ruby/2.0.0/gems/nokogiri-1.6.7.2/ports/x86_64-apple-darwin16/libxml2/2.9.2/lib  -arch x86_64 -arch i386 -Wl,-exported_symbols_list,conftest.sym conftest.c  >&5
configure:8432: $? = 0
configure:8442: result: yes
configure:8445: checking for -force_load linker flag
gcc -fPIC   -arch x86_64 -arch i386 -c -o conftest.o conftest.c
ar cru libconftest.a conftest.o
ranlib libconftest.a
gcc -fPIC   -arch x86_64 -arch i386 -L/Users/shantanujoshi/Documents/shantanujoshi.github.io/vendor/bundle/ruby/2.0.0/gems/nokogiri-1.6.7.2/ports/x86_64-apple-darwin16/libxml2/2.9.2/lib  -arch x86_64 -arch i386 -o conftest conftest.c -Wl,-force_load,./libconftest.a
configure:8477: result: yes
configure:8516: checking for dlfcn.h
configure:8516: gcc -c -fPIC   -arch x86_64 -arch i386  conftest.c >&5
configure:8516: $? = 0
configure:8516: result: yes
configure:9020: checking for objdir
configure:9035: result: .libs
configure:9302: checking if gcc supports -fno-rtti -fno-exceptions
configure:9320: gcc -c -fPIC   -arch x86_64 -arch i386  -fno-rtti -fno-exceptions conftest.c >&5
configure:9324: $? = 0
configure:9337: result: yes
configure:9664: checking for gcc option to produce PIC
configure:9671: result: -fno-common -DPIC
configure:9679: checking if gcc PIC flag -fno-common -DPIC works
configure:9697: gcc -c -fPIC   -arch x86_64 -arch i386  -fno-common -DPIC -DPIC conftest.c >&5
configure:9701: $? = 0
configure:9714: result: yes
configure:9743: checking if gcc static flag -static works
configure:9771: result: no
configure:9786: checking if gcc supports -c -o file.o
configure:9807: gcc -c -fPIC   -arch x86_64 -arch i386  -o out/conftest2.o conftest.c >&5
configure:9811: $? = 0
configure:9833: result: yes
configure:9841: checking if gcc supports -c -o file.o
configure:9888: result: yes
configure:9921: checking whether the gcc linker (/Applications/Xcode.app/Contents/Developer/Toolchains/XcodeDefault.xctoolchain/usr/bin/ld) supports shared libraries
configure:11074: result: yes
configure:11314: checking dynamic linker characteristics
configure:12051: result: darwin16 dyld
configure:12158: checking how to hardcode library paths into programs
configure:12183: result: immediate
configure:12723: checking whether stripping libraries is possible
configure:12737: result: yes
configure:12763: checking if libtool supports shared libraries
configure:12765: result: yes
configure:12768: checking whether to build shared libraries
configure:12789: result: no
configure:12792: checking whether to build static libraries
configure:12796: result: yes
configure:12838: checking for sys/types.h
configure:12838: result: yes
configure:12838: checking sys/time.h usability
configure:12838: gcc -c -fPIC   -arch x86_64 -arch i386  conftest.c >&5
configure:12838: $? = 0
configure:12838: result: yes
configure:12838: checking sys/time.h presence
configure:12838: gcc -E  conftest.c
configure:12838: $? = 0
configure:12838: result: yes
configure:12838: checking for sys/time.h
configure:12838: result: yes
configure:12838: checking for stdlib.h
configure:12838: result: yes
configure:12838: checking for unistd.h
configure:12838: result: yes
configure:12838: checking for string.h
configure:12838: result: yes
configure:12849: checking how to pass version script to the linker (/Applications/Xcode.app/Contents/Developer/Toolchains/XcodeDefault.xctoolchain/usr/bin/ld)
configure:12857: result: none
configure:12873: checking pthread.h usability
configure:12873: gcc -c -fPIC   -arch x86_64 -arch i386  conftest.c >&5
configure:12873: $? = 0
configure:12873: result: yes
configure:12873: checking pthread.h presence
configure:12873: gcc -E  conftest.c
configure:12873: $? = 0
configure:12873: result: yes
configure:12873: checking for pthread.h
configure:12873: result: yes
configure:12875: checking for pthread_join in -lpthread
configure:12900: gcc -o conftest -fPIC   -arch x86_64 -arch i386  -L/Users/shantanujoshi/Documents/shantanujoshi.github.io/vendor/bundle/ruby/2.0.0/gems/nokogiri-1.6.7.2/ports/x86_64-apple-darwin16/libxml2/2.9.2/lib  -arch x86_64 -arch i386 conftest.c -lpthread   >&5
configure:12900: $? = 0
configure:12909: result: yes
configure:12937: checking locale.h usability
configure:12937: gcc -c -fPIC   -arch x86_64 -arch i386  conftest.c >&5
configure:12937: $? = 0
configure:12937: result: yes
configure:12937: checking locale.h presence
configure:12937: gcc -E  conftest.c
configure:12937: $? = 0
configure:12937: result: yes
configure:12937: checking for locale.h
configure:12937: result: yes
configure:12937: checking xlocale.h usability
configure:12937: gcc -c -fPIC   -arch x86_64 -arch i386  conftest.c >&5
configure:12937: $? = 0
configure:12937: result: yes
configure:12937: checking xlocale.h presence
configure:12937: gcc -E  conftest.c
configure:12937: $? = 0
configure:12937: result: yes
configure:12937: checking for xlocale.h
configure:12937: result: yes
configure:12948: checking if xlocale program link
configure:13006: gcc -o conftest -fPIC   -arch x86_64 -arch i386  -L/Users/shantanujoshi/Documents/shantanujoshi.github.io/vendor/bundle/ruby/2.0.0/gems/nokogiri-1.6.7.2/ports/x86_64-apple-darwin16/libxml2/2.9.2/lib  -arch x86_64 -arch i386 conftest.c  >&5
conftest.c:69:21: error: expected expression
    const char *src[[2]] = { "\xc3\x84rger", "Zeppelin" };
                    ^
conftest.c:70:15: error: expected expression
    char *dst[[2]];
              ^
conftest.c:77:35: error: expected expression
        len = strxfrm_l(NULL, src[[i]], 0, locale) + 1;
                                  ^
conftest.c:77:35: error: expected ']'
conftest.c:77:34: note: to match this '['
        len = strxfrm_l(NULL, src[[i]], 0, locale) + 1;
                                 ^
conftest.c:78:13: error: expected expression
        dst[[i]] = malloc(len);
            ^
conftest.c:78:13: error: expected ']'
conftest.c:78:12: note: to match this '['
        dst[[i]] = malloc(len);
           ^
conftest.c:79:16: error: expected expression
        if(dst[[i]] == NULL) exit(1);
               ^
conftest.c:79:16: error: expected ']'
conftest.c:79:15: note: to match this '['
        if(dst[[i]] == NULL) exit(1);
              ^
conftest.c:80:27: error: expected expression
        r = strxfrm_l(dst[[i]], src[[i]], len, locale);
                          ^
conftest.c:80:27: error: expected ']'
conftest.c:80:26: note: to match this '['
        r = strxfrm_l(dst[[i]], src[[i]], len, locale);
                         ^
conftest.c:80:37: error: expected expression
        r = strxfrm_l(dst[[i]], src[[i]], len, locale);
                                    ^
conftest.c:80:37: error: expected ']'
conftest.c:80:36: note: to match this '['
        r = strxfrm_l(dst[[i]], src[[i]], len, locale);
                                   ^
conftest.c:83:20: error: expected expression
    if (strcmp(dst[[0]], dst[[1]]) >= 0) exit(1);
                   ^
conftest.c:83:20: error: expected ']'
conftest.c:83:19: note: to match this '['
    if (strcmp(dst[[0]], dst[[1]]) >= 0) exit(1);
                  ^
conftest.c:83:30: error: expected expression
    if (strcmp(dst[[0]], dst[[1]]) >= 0) exit(1);
                             ^
conftest.c:83:30: error: expected ']'
conftest.c:83:29: note: to match this '['
    if (strcmp(dst[[0]], dst[[1]]) >= 0) exit(1);
                            ^
16 errors generated.
configure:13006: $? = 1
configure: failed program was:
| /* confdefs.h */
| #define PACKAGE_NAME ""
| #define PACKAGE_TARNAME ""
| #define PACKAGE_VERSION ""
| #define PACKAGE_STRING ""
| #define PACKAGE_BUGREPORT ""
| #define PACKAGE_URL ""
| #define STDC_HEADERS 1
| #define HAVE_SYS_TYPES_H 1
| #define HAVE_SYS_STAT_H 1
| #define HAVE_STDLIB_H 1
| #define HAVE_STRING_H 1
| #define HAVE_MEMORY_H 1
| #define HAVE_STRINGS_H 1
| #define HAVE_INTTYPES_H 1
| #define HAVE_STDINT_H 1
| #define HAVE_UNISTD_H 1
| #define __EXTENSIONS__ 1
| #define _ALL_SOURCE 1
| #define _GNU_SOURCE 1
| #define _POSIX_PTHREAD_SEMANTICS 1
| #define _TANDEM_SOURCE 1
| #define PACKAGE "libxslt"
| #define VERSION "1.1.28"
| #define STDC_HEADERS 1
| #define HAVE_DLFCN_H 1
| #define LT_OBJDIR ".libs/"
| #define HAVE_SYS_TYPES_H 1
| #define HAVE_SYS_TIME_H 1
| #define HAVE_STDLIB_H 1
| #define HAVE_UNISTD_H 1
| #define HAVE_STRING_H 1
| #define HAVE_LIBPTHREAD /**/
| #define HAVE_PTHREAD_H /**/
| #define HAVE_LOCALE_H 1
| #define HAVE_XLOCALE_H 1
| /* end confdefs.h.  */
| 
| #ifdef HAVE_LOCALE_H
| #include <locale.h>
| #endif
| #ifdef HAVE_XLOCALE_H
| #include <xlocale.h>
| #endif
| #ifdef HAVE_STRING_H
| #include <string.h>
| #endif
| #ifdef HAVE_STDLIB_H
| #include <stdlib.h>
| #endif
| 
| #ifdef __GLIBC__
| typedef __locale_t xsltLocale;
| #else
| typedef locale_t xsltLocale;
| #endif
| #if defined(__GLIBC__) && __GLIBC__ == 2 && __GLIBC_MINOR__ <= 2
| #define newlocale __newlocale
| #define freelocale __freelocale
| #define strxfrm_l __strxfrm_l
| #define LC_COLLATE_MASK (1 << LC_COLLATE)
| #endif
| 
| int
| main ()
| {
| 
|     xsltLocale locale;
|     const char *src[[2]] = { "\xc3\x84rger", "Zeppelin" };
|     char *dst[[2]];
|     size_t len, r;
|     int i;
| 
|     locale = newlocale(LC_COLLATE_MASK, "en_US.utf8", NULL);
|     if (locale == NULL) exit(1);
|     for (i=0; i<2; ++i) {
|         len = strxfrm_l(NULL, src[[i]], 0, locale) + 1;
|         dst[[i]] = malloc(len);
|         if(dst[[i]] == NULL) exit(1);
|         r = strxfrm_l(dst[[i]], src[[i]], len, locale);
|         if(r >= len) exit(1);
|     }
|     if (strcmp(dst[[0]], dst[[1]]) >= 0) exit(1);
| 
|     exit(0);
|     return(0);
| 
|   ;
|   return 0;
| }
configure:13010: result: no
configure:13032: checking ieeefp.h usability
configure:13032: gcc -c -fPIC   -arch x86_64 -arch i386  conftest.c >&5
conftest.c:71:10: fatal error: 'ieeefp.h' file not found
#include <ieeefp.h>
         ^
1 error generated.
configure:13032: $? = 1
configure: failed program was:
| /* confdefs.h */
| #define PACKAGE_NAME ""
| #define PACKAGE_TARNAME ""
| #define PACKAGE_VERSION ""
| #define PACKAGE_STRING ""
| #define PACKAGE_BUGREPORT ""
| #define PACKAGE_URL ""
| #define STDC_HEADERS 1
| #define HAVE_SYS_TYPES_H 1
| #define HAVE_SYS_STAT_H 1
| #define HAVE_STDLIB_H 1
| #define HAVE_STRING_H 1
| #define HAVE_MEMORY_H 1
| #define HAVE_STRINGS_H 1
| #define HAVE_INTTYPES_H 1
| #define HAVE_STDINT_H 1
| #define HAVE_UNISTD_H 1
| #define __EXTENSIONS__ 1
| #define _ALL_SOURCE 1
| #define _GNU_SOURCE 1
| #define _POSIX_PTHREAD_SEMANTICS 1
| #define _TANDEM_SOURCE 1
| #define PACKAGE "libxslt"
| #define VERSION "1.1.28"
| #define STDC_HEADERS 1
| #define HAVE_DLFCN_H 1
| #define LT_OBJDIR ".libs/"
| #define HAVE_SYS_TYPES_H 1
| #define HAVE_SYS_TIME_H 1
| #define HAVE_STDLIB_H 1
| #define HAVE_UNISTD_H 1
| #define HAVE_STRING_H 1
| #define HAVE_LIBPTHREAD /**/
| #define HAVE_PTHREAD_H /**/
| #define HAVE_LOCALE_H 1
| #define HAVE_XLOCALE_H 1
| /* end confdefs.h.  */
| #include <stdio.h>
| #ifdef HAVE_SYS_TYPES_H
| # include <sys/types.h>
| #endif
| #ifdef HAVE_SYS_STAT_H
| # include <sys/stat.h>
| #endif
| #ifdef STDC_HEADERS
| # include <stdlib.h>
| # include <stddef.h>
| #else
| # ifdef HAVE_STDLIB_H
| #  include <stdlib.h>
| # endif
| #endif
| #ifdef HAVE_STRING_H
| # if !defined STDC_HEADERS && defined HAVE_MEMORY_H
| #  include <memory.h>
| # endif
| # include <string.h>
| #endif
| #ifdef HAVE_STRINGS_H
| # include <strings.h>
| #endif
| #ifdef HAVE_INTTYPES_H
| # include <inttypes.h>
| #endif
| #ifdef HAVE_STDINT_H
| # include <stdint.h>
| #endif
| #ifdef HAVE_UNISTD_H
| # include <unistd.h>
| #endif
| #include <ieeefp.h>
configure:13032: result: no
configure:13032: checking ieeefp.h presence
configure:13032: gcc -E  conftest.c
conftest.c:38:10: fatal error: 'ieeefp.h' file not found
#include <ieeefp.h>
         ^
1 error generated.
configure:13032: $? = 1
configure: failed program was:
| /* confdefs.h */
| #define PACKAGE_NAME ""
| #define PACKAGE_TARNAME ""
| #define PACKAGE_VERSION ""
| #define PACKAGE_STRING ""
| #define PACKAGE_BUGREPORT ""
| #define PACKAGE_URL ""
| #define STDC_HEADERS 1
| #define HAVE_SYS_TYPES_H 1
| #define HAVE_SYS_STAT_H 1
| #define HAVE_STDLIB_H 1
| #define HAVE_STRING_H 1
| #define HAVE_MEMORY_H 1
| #define HAVE_STRINGS_H 1
| #define HAVE_INTTYPES_H 1
| #define HAVE_STDINT_H 1
| #define HAVE_UNISTD_H 1
| #define __EXTENSIONS__ 1
| #define _ALL_SOURCE 1
| #define _GNU_SOURCE 1
| #define _POSIX_PTHREAD_SEMANTICS 1
| #define _TANDEM_SOURCE 1
| #define PACKAGE "libxslt"
| #define VERSION "1.1.28"
| #define STDC_HEADERS 1
| #define HAVE_DLFCN_H 1
| #define LT_OBJDIR ".libs/"
| #define HAVE_SYS_TYPES_H 1
| #define HAVE_SYS_TIME_H 1
| #define HAVE_STDLIB_H 1
| #define HAVE_UNISTD_H 1
| #define HAVE_STRING_H 1
| #define HAVE_LIBPTHREAD /**/
| #define HAVE_PTHREAD_H /**/
| #define HAVE_LOCALE_H 1
| #define HAVE_XLOCALE_H 1
| /* end confdefs.h.  */
| #include <ieeefp.h>
configure:13032: result: no
configure:13032: checking for ieeefp.h
configure:13032: result: no
configure:13032: checking nan.h usability
configure:13032: gcc -c -fPIC   -arch x86_64 -arch i386  conftest.c >&5
conftest.c:71:10: fatal error: 'nan.h' file not found
#include <nan.h>
         ^
1 error generated.
configure:13032: $? = 1
configure: failed program was:
| /* confdefs.h */
| #define PACKAGE_NAME ""
| #define PACKAGE_TARNAME ""
| #define PACKAGE_VERSION ""
| #define PACKAGE_STRING ""
| #define PACKAGE_BUGREPORT ""
| #define PACKAGE_URL ""
| #define STDC_HEADERS 1
| #define HAVE_SYS_TYPES_H 1
| #define HAVE_SYS_STAT_H 1
| #define HAVE_STDLIB_H 1
| #define HAVE_STRING_H 1
| #define HAVE_MEMORY_H 1
| #define HAVE_STRINGS_H 1
| #define HAVE_INTTYPES_H 1
| #define HAVE_STDINT_H 1
| #define HAVE_UNISTD_H 1
| #define __EXTENSIONS__ 1
| #define _ALL_SOURCE 1
| #define _GNU_SOURCE 1
| #define _POSIX_PTHREAD_SEMANTICS 1
| #define _TANDEM_SOURCE 1
| #define PACKAGE "libxslt"
| #define VERSION "1.1.28"
| #define STDC_HEADERS 1
| #define HAVE_DLFCN_H 1
| #define LT_OBJDIR ".libs/"
| #define HAVE_SYS_TYPES_H 1
| #define HAVE_SYS_TIME_H 1
| #define HAVE_STDLIB_H 1
| #define HAVE_UNISTD_H 1
| #define HAVE_STRING_H 1
| #define HAVE_LIBPTHREAD /**/
| #define HAVE_PTHREAD_H /**/
| #define HAVE_LOCALE_H 1
| #define HAVE_XLOCALE_H 1
| /* end confdefs.h.  */
| #include <stdio.h>
| #ifdef HAVE_SYS_TYPES_H
| # include <sys/types.h>
| #endif
| #ifdef HAVE_SYS_STAT_H
| # include <sys/stat.h>
| #endif
| #ifdef STDC_HEADERS
| # include <stdlib.h>
| # include <stddef.h>
| #else
| # ifdef HAVE_STDLIB_H
| #  include <stdlib.h>
| # endif
| #endif
| #ifdef HAVE_STRING_H
| # if !defined STDC_HEADERS && defined HAVE_MEMORY_H
| #  include <memory.h>
| # endif
| # include <string.h>
| #endif
| #ifdef HAVE_STRINGS_H
| # include <strings.h>
| #endif
| #ifdef HAVE_INTTYPES_H
| # include <inttypes.h>
| #endif
| #ifdef HAVE_STDINT_H
| # include <stdint.h>
| #endif
| #ifdef HAVE_UNISTD_H
| # include <unistd.h>
| #endif
| #include <nan.h>
configure:13032: result: no
configure:13032: checking nan.h presence
configure:13032: gcc -E  conftest.c
conftest.c:38:10: fatal error: 'nan.h' file not found
#include <nan.h>
         ^
1 error generated.
configure:13032: $? = 1
configure: failed program was:
| /* confdefs.h */
| #define PACKAGE_NAME ""
| #define PACKAGE_TARNAME ""
| #define PACKAGE_VERSION ""
| #define PACKAGE_STRING ""
| #define PACKAGE_BUGREPORT ""
| #define PACKAGE_URL ""
| #define STDC_HEADERS 1
| #define HAVE_SYS_TYPES_H 1
| #define HAVE_SYS_STAT_H 1
| #define HAVE_STDLIB_H 1
| #define HAVE_STRING_H 1
| #define HAVE_MEMORY_H 1
| #define HAVE_STRINGS_H 1
| #define HAVE_INTTYPES_H 1
| #define HAVE_STDINT_H 1
| #define HAVE_UNISTD_H 1
| #define __EXTENSIONS__ 1
| #define _ALL_SOURCE 1
| #define _GNU_SOURCE 1
| #define _POSIX_PTHREAD_SEMANTICS 1
| #define _TANDEM_SOURCE 1
| #define PACKAGE "libxslt"
| #define VERSION "1.1.28"
| #define STDC_HEADERS 1
| #define HAVE_DLFCN_H 1
| #define LT_OBJDIR ".libs/"
| #define HAVE_SYS_TYPES_H 1
| #define HAVE_SYS_TIME_H 1
| #define HAVE_STDLIB_H 1
| #define HAVE_UNISTD_H 1
| #define HAVE_STRING_H 1
| #define HAVE_LIBPTHREAD /**/
| #define HAVE_PTHREAD_H /**/
| #define HAVE_LOCALE_H 1
| #define HAVE_XLOCALE_H 1
| /* end confdefs.h.  */
| #include <nan.h>
configure:13032: result: no
configure:13032: checking for nan.h
configure:13032: result: no
configure:13032: checking math.h usability
configure:13032: gcc -c -fPIC   -arch x86_64 -arch i386  conftest.c >&5
configure:13032: $? = 0
configure:13032: result: yes
configure:13032: checking math.h presence
configure:13032: gcc -E  conftest.c
configure:13032: $? = 0
configure:13032: result: yes
configure:13032: checking for math.h
configure:13032: result: yes
configure:13032: checking fp_class.h usability
configure:13032: gcc -c -fPIC   -arch x86_64 -arch i386  conftest.c >&5
conftest.c:72:10: fatal error: 'fp_class.h' file not found
#include <fp_class.h>
         ^
1 error generated.
configure:13032: $? = 1
configure: failed program was:
| /* confdefs.h */
| #define PACKAGE_NAME ""
| #define PACKAGE_TARNAME ""
| #define PACKAGE_VERSION ""
| #define PACKAGE_STRING ""
| #define PACKAGE_BUGREPORT ""
| #define PACKAGE_URL ""
| #define STDC_HEADERS 1
| #define HAVE_SYS_TYPES_H 1
| #define HAVE_SYS_STAT_H 1
| #define HAVE_STDLIB_H 1
| #define HAVE_STRING_H 1
| #define HAVE_MEMORY_H 1
| #define HAVE_STRINGS_H 1
| #define HAVE_INTTYPES_H 1
| #define HAVE_STDINT_H 1
| #define HAVE_UNISTD_H 1
| #define __EXTENSIONS__ 1
| #define _ALL_SOURCE 1
| #define _GNU_SOURCE 1
| #define _POSIX_PTHREAD_SEMANTICS 1
| #define _TANDEM_SOURCE 1
| #define PACKAGE "libxslt"
| #define VERSION "1.1.28"
| #define STDC_HEADERS 1
| #define HAVE_DLFCN_H 1
| #define LT_OBJDIR ".libs/"
| #define HAVE_SYS_TYPES_H 1
| #define HAVE_SYS_TIME_H 1
| #define HAVE_STDLIB_H 1
| #define HAVE_UNISTD_H 1
| #define HAVE_STRING_H 1
| #define HAVE_LIBPTHREAD /**/
| #define HAVE_PTHREAD_H /**/
| #define HAVE_LOCALE_H 1
| #define HAVE_XLOCALE_H 1
| #define HAVE_MATH_H 1
| /* end confdefs.h.  */
| #include <stdio.h>
| #ifdef HAVE_SYS_TYPES_H
| # include <sys/types.h>
| #endif
| #ifdef HAVE_SYS_STAT_H
| # include <sys/stat.h>
| #endif
| #ifdef STDC_HEADERS
| # include <stdlib.h>
| # include <stddef.h>
| #else
| # ifdef HAVE_STDLIB_H
| #  include <stdlib.h>
| # endif
| #endif
| #ifdef HAVE_STRING_H
| # if !defined STDC_HEADERS && defined HAVE_MEMORY_H
| #  include <memory.h>
| # endif
| # include <string.h>
| #endif
| #ifdef HAVE_STRINGS_H
| # include <strings.h>
| #endif
| #ifdef HAVE_INTTYPES_H
| # include <inttypes.h>
| #endif
| #ifdef HAVE_STDINT_H
| # include <stdint.h>
| #endif
| #ifdef HAVE_UNISTD_H
| # include <unistd.h>
| #endif
| #include <fp_class.h>
configure:13032: result: no
configure:13032: checking fp_class.h presence
configure:13032: gcc -E  conftest.c
conftest.c:39:10: fatal error: 'fp_class.h' file not found
#include <fp_class.h>
         ^
1 error generated.
configure:13032: $? = 1
configure: failed program was:
| /* confdefs.h */
| #define PACKAGE_NAME ""
| #define PACKAGE_TARNAME ""
| #define PACKAGE_VERSION ""
| #define PACKAGE_STRING ""
| #define PACKAGE_BUGREPORT ""
| #define PACKAGE_URL ""
| #define STDC_HEADERS 1
| #define HAVE_SYS_TYPES_H 1
| #define HAVE_SYS_STAT_H 1
| #define HAVE_STDLIB_H 1
| #define HAVE_STRING_H 1
| #define HAVE_MEMORY_H 1
| #define HAVE_STRINGS_H 1
| #define HAVE_INTTYPES_H 1
| #define HAVE_STDINT_H 1
| #define HAVE_UNISTD_H 1
| #define __EXTENSIONS__ 1
| #define _ALL_SOURCE 1
| #define _GNU_SOURCE 1
| #define _POSIX_PTHREAD_SEMANTICS 1
| #define _TANDEM_SOURCE 1
| #define PACKAGE "libxslt"
| #define VERSION "1.1.28"
| #define STDC_HEADERS 1
| #define HAVE_DLFCN_H 1
| #define LT_OBJDIR ".libs/"
| #define HAVE_SYS_TYPES_H 1
| #define HAVE_SYS_TIME_H 1
| #define HAVE_STDLIB_H 1
| #define HAVE_UNISTD_H 1
| #define HAVE_STRING_H 1
| #define HAVE_LIBPTHREAD /**/
| #define HAVE_PTHREAD_H /**/
| #define HAVE_LOCALE_H 1
| #define HAVE_XLOCALE_H 1
| #define HAVE_MATH_H 1
| /* end confdefs.h.  */
| #include <fp_class.h>
configure:13032: result: no
configure:13032: checking for fp_class.h
configure:13032: result: no
configure:13032: checking float.h usability
configure:13032: gcc -c -fPIC   -arch x86_64 -arch i386  conftest.c >&5
configure:13032: $? = 0
configure:13032: result: yes
configure:13032: checking float.h presence
configure:13032: gcc -E  conftest.c
configure:13032: $? = 0
configure:13032: result: yes
configure:13032: checking for float.h
configure:13032: result: yes
configure:13032: checking ansidecl.h usability
configure:13032: gcc -c -fPIC   -arch x86_64 -arch i386  conftest.c >&5
conftest.c:73:10: fatal error: 'ansidecl.h' file not found
#include <ansidecl.h>
         ^
1 error generated.
configure:13032: $? = 1
configure: failed program was:
| /* confdefs.h */
| #define PACKAGE_NAME ""
| #define PACKAGE_TARNAME ""
| #define PACKAGE_VERSION ""
| #define PACKAGE_STRING ""
| #define PACKAGE_BUGREPORT ""
| #define PACKAGE_URL ""
| #define STDC_HEADERS 1
| #define HAVE_SYS_TYPES_H 1
| #define HAVE_SYS_STAT_H 1
| #define HAVE_STDLIB_H 1
| #define HAVE_STRING_H 1
| #define HAVE_MEMORY_H 1
| #define HAVE_STRINGS_H 1
| #define HAVE_INTTYPES_H 1
| #define HAVE_STDINT_H 1
| #define HAVE_UNISTD_H 1
| #define __EXTENSIONS__ 1
| #define _ALL_SOURCE 1
| #define _GNU_SOURCE 1
| #define _POSIX_PTHREAD_SEMANTICS 1
| #define _TANDEM_SOURCE 1
| #define PACKAGE "libxslt"
| #define VERSION "1.1.28"
| #define STDC_HEADERS 1
| #define HAVE_DLFCN_H 1
| #define LT_OBJDIR ".libs/"
| #define HAVE_SYS_TYPES_H 1
| #define HAVE_SYS_TIME_H 1
| #define HAVE_STDLIB_H 1
| #define HAVE_UNISTD_H 1
| #define HAVE_STRING_H 1
| #define HAVE_LIBPTHREAD /**/
| #define HAVE_PTHREAD_H /**/
| #define HAVE_LOCALE_H 1
| #define HAVE_XLOCALE_H 1
| #define HAVE_MATH_H 1
| #define HAVE_FLOAT_H 1
| /* end confdefs.h.  */
| #include <stdio.h>
| #ifdef HAVE_SYS_TYPES_H
| # include <sys/types.h>
| #endif
| #ifdef HAVE_SYS_STAT_H
| # include <sys/stat.h>
| #endif
| #ifdef STDC_HEADERS
| # include <stdlib.h>
| # include <stddef.h>
| #else
| # ifdef HAVE_STDLIB_H
| #  include <stdlib.h>
| # endif
| #endif
| #ifdef HAVE_STRING_H
| # if !defined STDC_HEADERS && defined HAVE_MEMORY_H
| #  include <memory.h>
| # endif
| # include <string.h>
| #endif
| #ifdef HAVE_STRINGS_H
| # include <strings.h>
| #endif
| #ifdef HAVE_INTTYPES_H
| # include <inttypes.h>
| #endif
| #ifdef HAVE_STDINT_H
| # include <stdint.h>
| #endif
| #ifdef HAVE_UNISTD_H
| # include <unistd.h>
| #endif
| #include <ansidecl.h>
configure:13032: result: no
configure:13032: checking ansidecl.h presence
configure:13032: gcc -E  conftest.c
conftest.c:40:10: fatal error: 'ansidecl.h' file not found
#include <ansidecl.h>
         ^
1 error generated.
configure:13032: $? = 1
configure: failed program was:
| /* confdefs.h */
| #define PACKAGE_NAME ""
| #define PACKAGE_TARNAME ""
| #define PACKAGE_VERSION ""
| #define PACKAGE_STRING ""
| #define PACKAGE_BUGREPORT ""
| #define PACKAGE_URL ""
| #define STDC_HEADERS 1
| #define HAVE_SYS_TYPES_H 1
| #define HAVE_SYS_STAT_H 1
| #define HAVE_STDLIB_H 1
| #define HAVE_STRING_H 1
| #define HAVE_MEMORY_H 1
| #define HAVE_STRINGS_H 1
| #define HAVE_INTTYPES_H 1
| #define HAVE_STDINT_H 1
| #define HAVE_UNISTD_H 1
| #define __EXTENSIONS__ 1
| #define _ALL_SOURCE 1
| #define _GNU_SOURCE 1
| #define _POSIX_PTHREAD_SEMANTICS 1
| #define _TANDEM_SOURCE 1
| #define PACKAGE "libxslt"
| #define VERSION "1.1.28"
| #define STDC_HEADERS 1
| #define HAVE_DLFCN_H 1
| #define LT_OBJDIR ".libs/"
| #define HAVE_SYS_TYPES_H 1
| #define HAVE_SYS_TIME_H 1
| #define HAVE_STDLIB_H 1
| #define HAVE_UNISTD_H 1
| #define HAVE_STRING_H 1
| #define HAVE_LIBPTHREAD /**/
| #define HAVE_PTHREAD_H /**/
| #define HAVE_LOCALE_H 1
| #define HAVE_XLOCALE_H 1
| #define HAVE_MATH_H 1
| #define HAVE_FLOAT_H 1
| /* end confdefs.h.  */
| #include <ansidecl.h>
configure:13032: result: no
configure:13032: checking for ansidecl.h
configure:13032: result: no
configure:13045: checking sys/timeb.h usability
configure:13045: gcc -c -fPIC   -arch x86_64 -arch i386  conftest.c >&5
configure:13045: $? = 0
configure:13045: result: yes
configure:13045: checking sys/timeb.h presence
configure:13045: gcc -E  conftest.c
configure:13045: $? = 0
configure:13045: result: yes
configure:13045: checking for sys/timeb.h
configure:13045: result: yes
configure:13045: checking time.h usability
configure:13045: gcc -c -fPIC   -arch x86_64 -arch i386  conftest.c >&5
configure:13045: $? = 0
configure:13045: result: yes
configure:13045: checking time.h presence
configure:13045: gcc -E  conftest.c
configure:13045: $? = 0
configure:13045: result: yes
configure:13045: checking for time.h
configure:13045: result: yes
configure:13045: checking for sys/stat.h
configure:13045: result: yes
configure:13045: checking sys/select.h usability
configure:13045: gcc -c -fPIC   -arch x86_64 -arch i386  conftest.c >&5
configure:13045: $? = 0
configure:13045: result: yes
configure:13045: checking sys/select.h presence
configure:13045: gcc -E  conftest.c
configure:13045: $? = 0
configure:13045: result: yes
configure:13045: checking for sys/select.h
configure:13045: result: yes
configure:13045: checking stdarg.h usability
configure:13045: gcc -c -fPIC   -arch x86_64 -arch i386  conftest.c >&5
configure:13045: $? = 0
configure:13045: result: yes
configure:13045: checking stdarg.h presence
configure:13045: gcc -E  conftest.c
configure:13045: $? = 0
configure:13045: result: yes
configure:13045: checking for stdarg.h
configure:13045: result: yes
configure:13058: checking for stat
configure:13058: gcc -o conftest -fPIC   -arch x86_64 -arch i386  -L/Users/shantanujoshi/Documents/shantanujoshi.github.io/vendor/bundle/ruby/2.0.0/gems/nokogiri-1.6.7.2/ports/x86_64-apple-darwin16/libxml2/2.9.2/lib  -arch x86_64 -arch i386 conftest.c  >&5
configure:13058: $? = 0
configure:13058: result: yes
configure:13058: checking for _stat
configure:13058: gcc -o conftest -fPIC   -arch x86_64 -arch i386  -L/Users/shantanujoshi/Documents/shantanujoshi.github.io/vendor/bundle/ruby/2.0.0/gems/nokogiri-1.6.7.2/ports/x86_64-apple-darwin16/libxml2/2.9.2/lib  -arch x86_64 -arch i386 conftest.c  >&5
Undefined symbols for architecture x86_64:
  "__stat", referenced from:
      _main in conftest-8c618c.o
ld: symbol(s) not found for architecture x86_64
clang: error: linker command failed with exit code 1 (use -v to see invocation)
configure:13058: $? = 1
configure: failed program was:
| /* confdefs.h */
| #define PACKAGE_NAME ""
| #define PACKAGE_TARNAME ""
| #define PACKAGE_VERSION ""
| #define PACKAGE_STRING ""
| #define PACKAGE_BUGREPORT ""
| #define PACKAGE_URL ""
| #define STDC_HEADERS 1
| #define HAVE_SYS_TYPES_H 1
| #define HAVE_SYS_STAT_H 1
| #define HAVE_STDLIB_H 1
| #define HAVE_STRING_H 1
| #define HAVE_MEMORY_H 1
| #define HAVE_STRINGS_H 1
| #define HAVE_INTTYPES_H 1
| #define HAVE_STDINT_H 1
| #define HAVE_UNISTD_H 1
| #define __EXTENSIONS__ 1
| #define _ALL_SOURCE 1
| #define _GNU_SOURCE 1
| #define _POSIX_PTHREAD_SEMANTICS 1
| #define _TANDEM_SOURCE 1
| #define PACKAGE "libxslt"
| #define VERSION "1.1.28"
| #define STDC_HEADERS 1
| #define HAVE_DLFCN_H 1
| #define LT_OBJDIR ".libs/"
| #define HAVE_SYS_TYPES_H 1
| #define HAVE_SYS_TIME_H 1
| #define HAVE_STDLIB_H 1
| #define HAVE_UNISTD_H 1
| #define HAVE_STRING_H 1
| #define HAVE_LIBPTHREAD /**/
| #define HAVE_PTHREAD_H /**/
| #define HAVE_LOCALE_H 1
| #define HAVE_XLOCALE_H 1
| #define HAVE_MATH_H 1
| #define HAVE_FLOAT_H 1
| #define HAVE_SYS_TIMEB_H 1
| #define HAVE_TIME_H 1
| #define HAVE_SYS_STAT_H 1
| #define HAVE_SYS_SELECT_H 1
| #define HAVE_STDARG_H 1
| #define HAVE_STAT 1
| /* end confdefs.h.  */
| /* Define _stat to an innocuous variant, in case <limits.h> declares _stat.
|    For example, HP-UX 11i <limits.h> declares gettimeofday.  */
| #define _stat innocuous__stat
| 
| /* System header to define __stub macros and hopefully few prototypes,
|     which can conflict with char _stat (); below.
|     Prefer <limits.h> to <assert.h> if __STDC__ is defined, since
|     <limits.h> exists even on freestanding compilers.  */
| 
| #ifdef __STDC__
| # include <limits.h>
| #else
| # include <assert.h>
| #endif
| 
| #undef _stat
| 
| /* Override any GCC internal prototype to avoid an error.
|    Use char because int might match the return type of a GCC
|    builtin and then its argument prototype would still apply.  */
| #ifdef __cplusplus
| extern "C"
| #endif
| char _stat ();
| /* The GNU C library defines this for functions which it implements
|     to always fail with ENOSYS.  Some functions are actually named
|     something starting with __ and the normal name is an alias.  */
| #if defined __stub__stat || defined __stub____stat
| choke me
| #endif
| 
| int
| main ()
| {
| return _stat ();
|   ;
|   return 0;
| }
configure:13058: result: no
configure:13067: checking for pow
configure:13067: gcc -o conftest -fPIC   -arch x86_64 -arch i386  -L/Users/shantanujoshi/Documents/shantanujoshi.github.io/vendor/bundle/ruby/2.0.0/gems/nokogiri-1.6.7.2/ports/x86_64-apple-darwin16/libxml2/2.9.2/lib  -arch x86_64 -arch i386 conftest.c  >&5
conftest.c:69:6: warning: incompatible redeclaration of library function 'pow' [-Wincompatible-library-redeclaration]
char pow ();
     ^
conftest.c:69:6: note: 'pow' is a builtin with type 'double (double, double)'
1 warning generated.
conftest.c:69:6: warning: incompatible redeclaration of library function 'pow' [-Wincompatible-library-redeclaration]
char pow ();
     ^
conftest.c:69:6: note: 'pow' is a builtin with type 'double (double, double)'
1 warning generated.
configure:13067: $? = 0
configure:13067: result: yes
configure:13116: checking for floor
configure:13116: gcc -o conftest -fPIC   -arch x86_64 -arch i386  -L/Users/shantanujoshi/Documents/shantanujoshi.github.io/vendor/bundle/ruby/2.0.0/gems/nokogiri-1.6.7.2/ports/x86_64-apple-darwin16/libxml2/2.9.2/lib  -arch x86_64 -arch i386 conftest.c  >&5
conftest.c:69:6: warning: incompatible redeclaration of library function 'floor' [-Wincompatible-library-redeclaration]
char floor ();
     ^
conftest.c:69:6: note: 'floor' is a builtin with type 'double (double)'
1 warning generated.
conftest.c:69:6: warning: incompatible redeclaration of library function 'floor' [-Wincompatible-library-redeclaration]
char floor ();
     ^
conftest.c:69:6: note: 'floor' is a builtin with type 'double (double)'
1 warning generated.
configure:13116: $? = 0
configure:13116: result: yes
configure:13165: checking for fabs
configure:13165: gcc -o conftest -fPIC   -arch x86_64 -arch i386  -L/Users/shantanujoshi/Documents/shantanujoshi.github.io/vendor/bundle/ruby/2.0.0/gems/nokogiri-1.6.7.2/ports/x86_64-apple-darwin16/libxml2/2.9.2/lib  -arch x86_64 -arch i386 conftest.c  >&5
conftest.c:69:6: warning: incompatible redeclaration of library function 'fabs' [-Wincompatible-library-redeclaration]
char fabs ();
     ^
conftest.c:69:6: note: 'fabs' is a builtin with type 'double (double)'
1 warning generated.
conftest.c:69:6: warning: incompatible redeclaration of library function 'fabs' [-Wincompatible-library-redeclaration]
char fabs ();
     ^
conftest.c:69:6: note: 'fabs' is a builtin with type 'double (double)'
1 warning generated.
configure:13165: $? = 0
configure:13165: result: yes
configure:13217: checking for gettimeofday
configure:13217: gcc -o conftest -fPIC   -arch x86_64 -arch i386  -L/Users/shantanujoshi/Documents/shantanujoshi.github.io/vendor/bundle/ruby/2.0.0/gems/nokogiri-1.6.7.2/ports/x86_64-apple-darwin16/libxml2/2.9.2/lib  -arch x86_64 -arch i386 conftest.c  >&5
configure:13217: $? = 0
configure:13217: result: yes
configure:13229: checking for mktime
configure:13229: gcc -o conftest -fPIC   -arch x86_64 -arch i386  -L/Users/shantanujoshi/Documents/shantanujoshi.github.io/vendor/bundle/ruby/2.0.0/gems/nokogiri-1.6.7.2/ports/x86_64-apple-darwin16/libxml2/2.9.2/lib  -arch x86_64 -arch i386 conftest.c  >&5
configure:13229: $? = 0
configure:13229: result: yes
configure:13229: checking for localtime
configure:13229: gcc -o conftest -fPIC   -arch x86_64 -arch i386  -L/Users/shantanujoshi/Documents/shantanujoshi.github.io/vendor/bundle/ruby/2.0.0/gems/nokogiri-1.6.7.2/ports/x86_64-apple-darwin16/libxml2/2.9.2/lib  -arch x86_64 -arch i386 conftest.c  >&5
configure:13229: $? = 0
configure:13229: result: yes
configure:13229: checking for localtime_r
configure:13229: gcc -o conftest -fPIC   -arch x86_64 -arch i386  -L/Users/shantanujoshi/Documents/shantanujoshi.github.io/vendor/bundle/ruby/2.0.0/gems/nokogiri-1.6.7.2/ports/x86_64-apple-darwin16/libxml2/2.9.2/lib  -arch x86_64 -arch i386 conftest.c  >&5
configure:13229: $? = 0
configure:13229: result: yes
configure:13229: checking for asctime
configure:13229: gcc -o conftest -fPIC   -arch x86_64 -arch i386  -L/Users/shantanujoshi/Documents/shantanujoshi.github.io/vendor/bundle/ruby/2.0.0/gems/nokogiri-1.6.7.2/ports/x86_64-apple-darwin16/libxml2/2.9.2/lib  -arch x86_64 -arch i386 conftest.c  >&5
configure:13229: $? = 0
configure:13229: result: yes
configure:13229: checking for time
configure:13229: gcc -o conftest -fPIC   -arch x86_64 -arch i386  -L/Users/shantanujoshi/Documents/shantanujoshi.github.io/vendor/bundle/ruby/2.0.0/gems/nokogiri-1.6.7.2/ports/x86_64-apple-darwin16/libxml2/2.9.2/lib  -arch x86_64 -arch i386 conftest.c  >&5
configure:13229: $? = 0
configure:13229: result: yes
configure:13229: checking for gmtime
configure:13229: gcc -o conftest -fPIC   -arch x86_64 -arch i386  -L/Users/shantanujoshi/Documents/shantanujoshi.github.io/vendor/bundle/ruby/2.0.0/gems/nokogiri-1.6.7.2/ports/x86_64-apple-darwin16/libxml2/2.9.2/lib  -arch x86_64 -arch i386 conftest.c  >&5
configure:13229: $? = 0
configure:13229: result: yes
configure:13229: checking for gmtime_r
configure:13229: gcc -o conftest -fPIC   -arch x86_64 -arch i386  -L/Users/shantanujoshi/Documents/shantanujoshi.github.io/vendor/bundle/ruby/2.0.0/gems/nokogiri-1.6.7.2/ports/x86_64-apple-darwin16/libxml2/2.9.2/lib  -arch x86_64 -arch i386 conftest.c  >&5
configure:13229: $? = 0
configure:13229: result: yes
configure:13229: checking for ftime
configure:13229: gcc -o conftest -fPIC   -arch x86_64 -arch i386  -L/Users/shantanujoshi/Documents/shantanujoshi.github.io/vendor/bundle/ruby/2.0.0/gems/nokogiri-1.6.7.2/ports/x86_64-apple-darwin16/libxml2/2.9.2/lib  -arch x86_64 -arch i386 conftest.c  >&5
configure:13229: $? = 0
configure:13229: result: yes
configure:13242: checking for printf
configure:13242: gcc -o conftest -fPIC   -arch x86_64 -arch i386  -L/Users/shantanujoshi/Documents/shantanujoshi.github.io/vendor/bundle/ruby/2.0.0/gems/nokogiri-1.6.7.2/ports/x86_64-apple-darwin16/libxml2/2.9.2/lib  -arch x86_64 -arch i386 conftest.c  >&5
conftest.c:78:6: warning: incompatible redeclaration of library function 'printf' [-Wincompatible-library-redeclaration]
char printf ();
     ^
conftest.c:78:6: note: 'printf' is a builtin with type 'int (const char *, ...)'
1 warning generated.
conftest.c:78:6: warning: incompatible redeclaration of library function 'printf' [-Wincompatible-library-redeclaration]
char printf ();
     ^
conftest.c:78:6: note: 'printf' is a builtin with type 'int (const char *, ...)'
1 warning generated.
configure:13242: $? = 0
configure:13242: result: yes
configure:13242: checking for sprintf
configure:13242: gcc -o conftest -fPIC   -arch x86_64 -arch i386  -L/Users/shantanujoshi/Documents/shantanujoshi.github.io/vendor/bundle/ruby/2.0.0/gems/nokogiri-1.6.7.2/ports/x86_64-apple-darwin16/libxml2/2.9.2/lib  -arch x86_64 -arch i386 conftest.c  >&5
conftest.c:79:6: warning: incompatible redeclaration of library function 'sprintf' [-Wincompatible-library-redeclaration]
char sprintf ();
     ^
conftest.c:79:6: note: 'sprintf' is a builtin with type 'int (char *, const char *, ...)'
1 warning generated.
conftest.c:79:6: warning: incompatible redeclaration of library function 'sprintf' [-Wincompatible-library-redeclaration]
char sprintf ();
     ^
conftest.c:79:6: note: 'sprintf' is a builtin with type 'int (char *, const char *, ...)'
1 warning generated.
configure:13242: $? = 0
configure:13242: result: yes
configure:13242: checking for fprintf
configure:13242: gcc -o conftest -fPIC   -arch x86_64 -arch i386  -L/Users/shantanujoshi/Documents/shantanujoshi.github.io/vendor/bundle/ruby/2.0.0/gems/nokogiri-1.6.7.2/ports/x86_64-apple-darwin16/libxml2/2.9.2/lib  -arch x86_64 -arch i386 conftest.c  >&5
conftest.c:80:6: warning: declaration of built-in function 'fprintf' requires inclusion of the header <stdio.h> [-Wbuiltin-requires-header]
char fprintf ();
     ^
conftest.c:91:17: warning: format string missing [-Wformat]
return fprintf ();
       ~~~~~~~  ^
2 warnings generated.
conftest.c:80:6: warning: declaration of built-in function 'fprintf' requires inclusion of the header <stdio.h> [-Wbuiltin-requires-header]
char fprintf ();
     ^
conftest.c:91:17: warning: format string missing [-Wformat]
return fprintf ();
       ~~~~~~~  ^
2 warnings generated.
configure:13242: $? = 0
configure:13242: result: yes
configure:13242: checking for snprintf
configure:13242: gcc -o conftest -fPIC   -arch x86_64 -arch i386  -L/Users/shantanujoshi/Documents/shantanujoshi.github.io/vendor/bundle/ruby/2.0.0/gems/nokogiri-1.6.7.2/ports/x86_64-apple-darwin16/libxml2/2.9.2/lib  -arch x86_64 -arch i386 conftest.c  >&5
conftest.c:81:6: warning: incompatible redeclaration of library function 'snprintf' [-Wincompatible-library-redeclaration]
char snprintf ();
     ^
conftest.c:81:6: note: 'snprintf' is a builtin with type 'int (char *, unsigned long, const char *, ...)'
1 warning generated.
conftest.c:81:6: warning: incompatible redeclaration of library function 'snprintf' [-Wincompatible-library-redeclaration]
char snprintf ();
     ^
conftest.c:81:6: note: 'snprintf' is a builtin with type 'int (char *, unsigned long, const char *, ...)'
1 warning generated.
configure:13242: $? = 0
configure:13242: result: yes
configure:13242: checking for vfprintf
configure:13242: gcc -o conftest -fPIC   -arch x86_64 -arch i386  -L/Users/shantanujoshi/Documents/shantanujoshi.github.io/vendor/bundle/ruby/2.0.0/gems/nokogiri-1.6.7.2/ports/x86_64-apple-darwin16/libxml2/2.9.2/lib  -arch x86_64 -arch i386 conftest.c  >&5
conftest.c:82:6: warning: incompatible redeclaration of library function 'vfprintf' [-Wincompatible-library-redeclaration]
char vfprintf ();
     ^
conftest.c:82:6: note: 'vfprintf' is a builtin with type 'int ()'
1 warning generated.
conftest.c:82:6: warning: incompatible redeclaration of library function 'vfprintf' [-Wincompatible-library-redeclaration]
char vfprintf ();
     ^
conftest.c:82:6: note: 'vfprintf' is a builtin with type 'int ()'
1 warning generated.
configure:13242: $? = 0
configure:13242: result: yes
configure:13242: checking for vsprintf
configure:13242: gcc -o conftest -fPIC   -arch x86_64 -arch i386  -L/Users/shantanujoshi/Documents/shantanujoshi.github.io/vendor/bundle/ruby/2.0.0/gems/nokogiri-1.6.7.2/ports/x86_64-apple-darwin16/libxml2/2.9.2/lib  -arch x86_64 -arch i386 conftest.c  >&5
conftest.c:83:6: warning: incompatible redeclaration of library function 'vsprintf' [-Wincompatible-library-redeclaration]
char vsprintf ();
     ^
conftest.c:83:6: note: 'vsprintf' is a builtin with type 'int (char *, const char *, struct __va_list_tag *)'
1 warning generated.
conftest.c:83:6: warning: incompatible redeclaration of library function 'vsprintf' [-Wincompatible-library-redeclaration]
char vsprintf ();
     ^
conftest.c:83:6: note: 'vsprintf' is a builtin with type 'int (char *, const char *, __builtin_va_list)'
1 warning generated.
configure:13242: $? = 0
configure:13242: result: yes
configure:13242: checking for vsnprintf
configure:13242: gcc -o conftest -fPIC   -arch x86_64 -arch i386  -L/Users/shantanujoshi/Documents/shantanujoshi.github.io/vendor/bundle/ruby/2.0.0/gems/nokogiri-1.6.7.2/ports/x86_64-apple-darwin16/libxml2/2.9.2/lib  -arch x86_64 -arch i386 conftest.c  >&5
conftest.c:84:6: warning: incompatible redeclaration of library function 'vsnprintf' [-Wincompatible-library-redeclaration]
char vsnprintf ();
     ^
conftest.c:84:6: note: 'vsnprintf' is a builtin with type 'int (char *, unsigned long, const char *, struct __va_list_tag *)'
1 warning generated.
conftest.c:84:6: warning: incompatible redeclaration of library function 'vsnprintf' [-Wincompatible-library-redeclaration]
char vsnprintf ();
     ^
conftest.c:84:6: note: 'vsnprintf' is a builtin with type 'int (char *, unsigned long, const char *, __builtin_va_list)'
1 warning generated.
configure:13242: $? = 0
configure:13242: result: yes
configure:13242: checking for sscanf
configure:13242: gcc -o conftest -fPIC   -arch x86_64 -arch i386  -L/Users/shantanujoshi/Documents/shantanujoshi.github.io/vendor/bundle/ruby/2.0.0/gems/nokogiri-1.6.7.2/ports/x86_64-apple-darwin16/libxml2/2.9.2/lib  -arch x86_64 -arch i386 conftest.c  >&5
conftest.c:85:6: warning: incompatible redeclaration of library function 'sscanf' [-Wincompatible-library-redeclaration]
char sscanf ();
     ^
conftest.c:85:6: note: 'sscanf' is a builtin with type 'int (const char *restrict, const char *restrict, ...)'
1 warning generated.
conftest.c:85:6: warning: incompatible redeclaration of library function 'sscanf' [-Wincompatible-library-redeclaration]
char sscanf ();
     ^
conftest.c:85:6: note: 'sscanf' is a builtin with type 'int (const char *restrict, const char *restrict, ...)'
1 warning generated.
configure:13242: $? = 0
configure:13242: result: yes
configure:13256: checking for clock_gettime
configure:13256: gcc -o conftest -fPIC   -arch x86_64 -arch i386  -L/Users/shantanujoshi/Documents/shantanujoshi.github.io/vendor/bundle/ruby/2.0.0/gems/nokogiri-1.6.7.2/ports/x86_64-apple-darwin16/libxml2/2.9.2/lib  -arch x86_64 -arch i386 conftest.c  >&5
configure:13256: $? = 0
configure:13256: result: yes
configure:13327: checking for perl
configure:13343: found /usr/bin/perl
configure:13355: result: perl
configure:13689: checking for libxml libraries >= 2.6.27
configure:13741: result: 2.9.2 found
configure:13770: checking whether shared libraries will be built (required for plugins)
configure:13773: result: no
configure:13775: WARNING: Disabling plugin support.
configure:13777: WARNING: Plugins require that shared libraries be built.
configure:14023: creating ./config.status

## ---------------------- ##
## Running config.status. ##
## ---------------------- ##

This file was extended by config.status, which was
generated by GNU Autoconf 2.68.  Invocation command line was

  CONFIG_FILES    = 
  CONFIG_HEADERS  = 
  CONFIG_LINKS    = 
  CONFIG_COMMANDS = 
  $ ./config.status 

on Shantanus-MBP

config.status:1255: creating Makefile
config.status:1255: creating libxslt.pc
config.status:1255: creating libexslt.pc
config.status:1255: creating libxslt/Makefile
config.status:1255: creating libxslt/xsltconfig.h
config.status:1255: creating libxslt/xsltwin32config.h
config.status:1255: creating libexslt/Makefile
config.status:1255: creating libexslt/exsltconfig.h
config.status:1255: creating xsltproc/Makefile
config.status:1255: creating python/Makefile
config.status:1255: creating python/tests/Makefile
config.status:1255: creating tests/Makefile
config.status:1255: creating tests/docs/Makefile
config.status:1255: creating tests/REC1/Makefile
config.status:1255: creating tests/REC2/Makefile
config.status:1255: creating tests/REC/Makefile
config.status:1255: creating tests/general/Makefile
config.status:1255: creating tests/reports/Makefile
config.status:1255: creating tests/extensions/Makefile
config.status:1255: creating tests/namespaces/Makefile
config.status:1255: creating tests/keys/Makefile
config.status:1255: creating tests/numbers/Makefile
config.status:1255: creating tests/documents/Makefile
config.status:1255: creating tests/xmlspec/Makefile
config.status:1255: creating tests/multiple/Makefile
config.status:1255: creating tests/xinclude/Makefile
config.status:1255: creating tests/XSLTMark/Makefile
config.status:1255: creating tests/docbook/Makefile
config.status:1255: creating tests/exslt/Makefile
config.status:1255: creating tests/exslt/common/Makefile
config.status:1255: creating tests/exslt/functions/Makefile
config.status:1255: creating tests/exslt/math/Makefile
config.status:1255: creating tests/exslt/sets/Makefile
config.status:1255: creating tests/exslt/strings/Makefile
config.status:1255: creating tests/exslt/date/Makefile
config.status:1255: creating tests/exslt/dynamic/Makefile
config.status:1255: creating tests/plugins/Makefile
config.status:1255: creating doc/Makefile
config.status:1255: creating xslt-config
config.status:1255: creating libxslt.spec
config.status:1255: creating config.h
config.status:1484: executing depfiles commands
config.status:1484: executing libtool commands

## ---------------- ##
## Cache variables. ##
## ---------------- ##

ac_cv_build=x86_64-apple-darwin16.6.0
ac_cv_c_compiler_gnu=yes
ac_cv_env_CC_set=
ac_cv_env_CC_value=
ac_cv_env_CFLAGS_set=set
ac_cv_env_CFLAGS_value='-fPIC   -arch x86_64 -arch i386'
ac_cv_env_CPPFLAGS_set=
ac_cv_env_CPPFLAGS_value=
ac_cv_env_CPP_set=
ac_cv_env_CPP_value=
ac_cv_env_LDFLAGS_set=set
ac_cv_env_LDFLAGS_value='-L/Users/shantanujoshi/Documents/shantanujoshi.github.io/vendor/bundle/ruby/2.0.0/gems/nokogiri-1.6.7.2/ports/x86_64-apple-darwin16/libxml2/2.9.2/lib  -arch x86_64 -arch i386'
ac_cv_env_LIBS_set=
ac_cv_env_LIBS_value=
ac_cv_env_build_alias_set=
ac_cv_env_build_alias_value=
ac_cv_env_host_alias_set=set
ac_cv_env_host_alias_value=x86_64-apple-darwin16
ac_cv_env_target_alias_set=
ac_cv_env_target_alias_value=
ac_cv_func__stat=no
ac_cv_func_asctime=yes
ac_cv_func_clock_gettime=yes
ac_cv_func_fabs=yes
ac_cv_func_floor=yes
ac_cv_func_fprintf=yes
ac_cv_func_ftime=yes
ac_cv_func_gettimeofday=yes
ac_cv_func_gmtime=yes
ac_cv_func_gmtime_r=yes
ac_cv_func_localtime=yes
ac_cv_func_localtime_r=yes
ac_cv_func_mktime=yes
ac_cv_func_pow=yes
ac_cv_func_printf=yes
ac_cv_func_snprintf=yes
ac_cv_func_sprintf=yes
ac_cv_func_sscanf=yes
ac_cv_func_stat=yes
ac_cv_func_time=yes
ac_cv_func_vfprintf=yes
ac_cv_func_vsnprintf=yes
ac_cv_func_vsprintf=yes
ac_cv_header_ansidecl_h=no
ac_cv_header_dlfcn_h=yes
ac_cv_header_float_h=yes
ac_cv_header_fp_class_h=no
ac_cv_header_ieeefp_h=no
ac_cv_header_inttypes_h=yes
ac_cv_header_locale_h=yes
ac_cv_header_math_h=yes
ac_cv_header_memory_h=yes
ac_cv_header_minix_config_h=no
ac_cv_header_nan_h=no
ac_cv_header_pthread_h=yes
ac_cv_header_stdarg_h=yes
ac_cv_header_stdc=yes
ac_cv_header_stdint_h=yes
ac_cv_header_stdlib_h=yes
ac_cv_header_string_h=yes
ac_cv_header_strings_h=yes
ac_cv_header_sys_select_h=yes
ac_cv_header_sys_stat_h=yes
ac_cv_header_sys_time_h=yes
ac_cv_header_sys_timeb_h=yes
ac_cv_header_sys_types_h=yes
ac_cv_header_time_h=yes
ac_cv_header_unistd_h=yes
ac_cv_header_xlocale_h=yes
ac_cv_host=x86_64-apple-darwin16
ac_cv_lib_pthread_pthread_join=yes
ac_cv_objext=o
ac_cv_path_EGREP='/usr/bin/grep -E'
ac_cv_path_FGREP='/usr/bin/grep -F'
ac_cv_path_GREP=/usr/bin/grep
ac_cv_path_MV=/bin/mv
ac_cv_path_RM=/bin/rm
ac_cv_path_SED=/usr/bin/sed
ac_cv_path_TAR=/usr/bin/tar
ac_cv_path_XMLLINT=/Users/shantanujoshi/Documents/shantanujoshi.github.io/vendor/bundle/ruby/2.0.0/gems/nokogiri-1.6.7.2/ports/x86_64-apple-darwin16/libxml2/2.9.2/bin/xmllint
ac_cv_path_XSLTPROC=/usr/bin/xsltproc
ac_cv_path_install='/usr/bin/install -c'
ac_cv_prog_AWK=awk
ac_cv_prog_CC=gcc
ac_cv_prog_CPP='gcc -E'
ac_cv_prog_PERL=perl
ac_cv_prog_ac_ct_AR=ar
ac_cv_prog_ac_ct_CC=gcc
ac_cv_prog_ac_ct_DSYMUTIL=dsymutil
ac_cv_prog_ac_ct_DUMPBIN='link -dump'
ac_cv_prog_ac_ct_LIPO=lipo
ac_cv_prog_ac_ct_NMEDIT=nmedit
ac_cv_prog_ac_ct_OBJDUMP=objdump
ac_cv_prog_ac_ct_OTOOL=otool
ac_cv_prog_ac_ct_RANLIB=ranlib
ac_cv_prog_ac_ct_STRIP=strip
ac_cv_prog_cc_c89=
ac_cv_prog_cc_g=yes
ac_cv_prog_make_make_set=yes
ac_cv_safe_to_define___extensions__=yes
am_cv_CC_dependencies_compiler_type=gcc3
am_cv_make_support_nested_variables=yes
lt_cv_apple_cc_single_mod=yes
lt_cv_ar_at_file=no
lt_cv_deplibs_check_method=pass_all
lt_cv_file_magic_cmd='$MAGIC_CMD'
lt_cv_file_magic_test_file=
lt_cv_ld_exported_symbols_list=yes
lt_cv_ld_force_load=yes
lt_cv_ld_reload_flag=-r
lt_cv_nm_interface='BSD nm'
lt_cv_objdir=.libs
lt_cv_path_LD=/Applications/Xcode.app/Contents/Developer/Toolchains/XcodeDefault.xctoolchain/usr/bin/ld
lt_cv_path_NM=no
lt_cv_path_mainfest_tool=no
lt_cv_prog_compiler_c_o=yes
lt_cv_prog_compiler_pic='-fno-common -DPIC'
lt_cv_prog_compiler_pic_works=yes
lt_cv_prog_compiler_rtti_exceptions=yes
lt_cv_prog_compiler_static_works=no
lt_cv_prog_gnu_ld=no
lt_cv_sharedlib_from_linklib_cmd='printf %s\n'
lt_cv_sys_global_symbol_pipe='sed -n -e '\''s/^.*[	 ]\([BCDEGRST][BCDEGRST]*\)[	 ][	 ]*_\([_A-Za-z][_A-Za-z0-9]*\)$/\1 _\2 \2/p'\'' | sed '\''/ __gnu_lto/d'\'''
lt_cv_sys_global_symbol_to_c_name_address='sed -n -e '\''s/^: \([^ ]*\)[ ]*$/  {\"\1\", (void *) 0},/p'\'' -e '\''s/^[BCDEGRST]* \([^ ]*\) \([^ ]*\)$/  {"\2", (void *) \&\2},/p'\'''
lt_cv_sys_global_symbol_to_c_name_address_lib_prefix='sed -n -e '\''s/^: \([^ ]*\)[ ]*$/  {\"\1\", (void *) 0},/p'\'' -e '\''s/^[BCDEGRST]* \([^ ]*\) \(lib[^ ]*\)$/  {"\2", (void *) \&\2},/p'\'' -e '\''s/^[BCDEGRST]* \([^ ]*\) \([^ ]*\)$/  {"lib\2", (void *) \&\2},/p'\'''
lt_cv_sys_global_symbol_to_cdecl='sed -n -e '\''s/^T .* \(.*\)$/extern int \1();/p'\'' -e '\''s/^[BCDEGRST]* .* \(.*\)$/extern char \1;/p'\'''
lt_cv_sys_max_cmd_len=196608
lt_cv_to_host_file_cmd=func_convert_file_noop
lt_cv_to_tool_file_cmd=func_convert_file_noop

## ----------------- ##
## Output variables. ##
## ----------------- ##

ACLOCAL='${SHELL} /Users/shantanujoshi/Documents/shantanujoshi.github.io/vendor/bundle/ruby/2.0.0/gems/nokogiri-1.6.7.2/ext/nokogiri/tmp/x86_64-apple-darwin16/ports/libxslt/1.1.28/libxslt-1.1.28/missing --run aclocal-1.11'
AMDEPBACKSLASH='\'
AMDEP_FALSE='#'
AMDEP_TRUE=''
AMTAR='$${TAR-tar}'
AM_BACKSLASH='\'
AM_DEFAULT_V='$(AM_DEFAULT_VERBOSITY)'
AM_DEFAULT_VERBOSITY='0'
AM_V='$(V)'
AR='ar'
AS='as'
AUTOCONF='${SHELL} /Users/shantanujoshi/Documents/shantanujoshi.github.io/vendor/bundle/ruby/2.0.0/gems/nokogiri-1.6.7.2/ext/nokogiri/tmp/x86_64-apple-darwin16/ports/libxslt/1.1.28/libxslt-1.1.28/missing --run autoconf'
AUTOHEADER='${SHELL} /Users/shantanujoshi/Documents/shantanujoshi.github.io/vendor/bundle/ruby/2.0.0/gems/nokogiri-1.6.7.2/ext/nokogiri/tmp/x86_64-apple-darwin16/ports/libxslt/1.1.28/libxslt-1.1.28/missing --run autoheader'
AUTOMAKE='${SHELL} /Users/shantanujoshi/Documents/shantanujoshi.github.io/vendor/bundle/ruby/2.0.0/gems/nokogiri-1.6.7.2/ext/nokogiri/tmp/x86_64-apple-darwin16/ports/libxslt/1.1.28/libxslt-1.1.28/missing --run automake-1.11'
AWK='awk'
CC='gcc'
CCDEPMODE='depmode=gcc3'
CFLAGS='-fPIC   -arch x86_64 -arch i386 -Wall'
CPP='gcc -E'
CPPFLAGS=''
CYGPATH_W='echo'
DEFS='-DHAVE_CONFIG_H'
DEPDIR='.deps'
DLLTOOL='false'
DSYMUTIL='dsymutil'
DUMPBIN=':'
ECHO_C='\c'
ECHO_N=''
ECHO_T=''
EGREP='/usr/bin/grep -E'
EXEEXT=''
EXSLT_INCLUDEDIR='-I${includedir}'
EXSLT_LIBDIR='-L${libdir}'
EXSLT_LIBS='-lexslt -lxslt  -L/Users/shantanujoshi/Documents/shantanujoshi.github.io/vendor/bundle/ruby/2.0.0/gems/nokogiri-1.6.7.2/ports/x86_64-apple-darwin16/libxml2/2.9.2/lib -lxml2 -lz -lpthread -liconv -lm  '
EXTRA_LIBS=''
FGREP='/usr/bin/grep -F'
GREP='/usr/bin/grep'
HTML_DIR='$(datadir)/doc/$(PACKAGE)-$(VERSION)/html'
INSTALL_DATA='${INSTALL} -m 644'
INSTALL_PROGRAM='${INSTALL}'
INSTALL_SCRIPT='${INSTALL}'
INSTALL_STRIP_PROGRAM='$(install_sh) -c -s'
LD='/Applications/Xcode.app/Contents/Developer/Toolchains/XcodeDefault.xctoolchain/usr/bin/ld'
LDFLAGS='-L/Users/shantanujoshi/Documents/shantanujoshi.github.io/vendor/bundle/ruby/2.0.0/gems/nokogiri-1.6.7.2/ports/x86_64-apple-darwin16/libxml2/2.9.2/lib  -arch x86_64 -arch i386'
LIBEXSLT_MAJOR_VERSION='0'
LIBEXSLT_MICRO_VERSION='17'
LIBEXSLT_MINOR_VERSION='8'
LIBEXSLT_VERSION='0.8.17'
LIBEXSLT_VERSION_EXTRA=''
LIBEXSLT_VERSION_INFO='8:17:8'
LIBEXSLT_VERSION_NUMBER='817'
LIBGCRYPT_CFLAGS=''
LIBGCRYPT_CONFIG=''
LIBGCRYPT_LIBS=''
LIBOBJS=''
LIBS=''
LIBTOOL='$(SHELL) $(top_builddir)/libtool'
LIBXML_CFLAGS=' -I/Users/shantanujoshi/Documents/shantanujoshi.github.io/vendor/bundle/ruby/2.0.0/gems/nokogiri-1.6.7.2/ports/x86_64-apple-darwin16/libxml2/2.9.2/include/libxml2'
LIBXML_LIBS=' -L/Users/shantanujoshi/Documents/shantanujoshi.github.io/vendor/bundle/ruby/2.0.0/gems/nokogiri-1.6.7.2/ports/x86_64-apple-darwin16/libxml2/2.9.2/lib -lxml2 -lz -lpthread -liconv -lm'
LIBXML_REQUIRED_VERSION='2.6.27'
LIBXML_SRC=''
LIBXSLT_DEFAULT_PLUGINS_PATH='/Users/shantanujoshi/Documents/shantanujoshi.github.io/vendor/bundle/ruby/2.0.0/gems/nokogiri-1.6.7.2/ports/x86_64-apple-darwin16/libxslt/1.1.28/lib/libxslt-plugins'
LIBXSLT_MAJOR_MINOR_VERSION='1.1'
LIBXSLT_MAJOR_VERSION='1'
LIBXSLT_MICRO_VERSION='28'
LIBXSLT_MINOR_VERSION='1'
LIBXSLT_VERSION='1.1.28'
LIBXSLT_VERSION_EXTRA=''
LIBXSLT_VERSION_INFO='2:28:1'
LIBXSLT_VERSION_NUMBER='10128'
LIPO='lipo'
LN_S='ln -s'
LTLIBOBJS=''
MAKEINFO='${SHELL} /Users/shantanujoshi/Documents/shantanujoshi.github.io/vendor/bundle/ruby/2.0.0/gems/nokogiri-1.6.7.2/ext/nokogiri/tmp/x86_64-apple-darwin16/ports/libxslt/1.1.28/libxslt-1.1.28/missing --run makeinfo'
MANIFEST_TOOL=':'
MKDIR_P='./install-sh -c -d'
MV='/bin/mv'
M_LIBS=''
NM='nm'
NMEDIT='nmedit'
OBJDUMP='objdump'
OBJEXT='o'
OTOOL64=':'
OTOOL='otool'
PACKAGE='libxslt'
PACKAGE_BUGREPORT=''
PACKAGE_NAME=''
PACKAGE_STRING=''
PACKAGE_TARNAME=''
PACKAGE_URL=''
PACKAGE_VERSION=''
PATH_SEPARATOR=':'
PERL='perl'
PYTHON=''
PYTHONSODV=''
PYTHON_INCLUDES=''
PYTHON_LIBS=''
PYTHON_SITE_PACKAGES=''
PYTHON_SUBDIR=''
PYTHON_VERSION=''
RANLIB='ranlib'
RELDATE='Sun Jun 11 2017'
RM='/bin/rm'
SED='/usr/bin/sed'
SET_MAKE=''
SHELL='/bin/sh'
STRIP='strip'
TAR='/usr/bin/tar'
THREAD_LIBS='-lpthread'
USE_VERSION_SCRIPT_FALSE=''
USE_VERSION_SCRIPT_TRUE='#'
VERSION='1.1.28'
VERSION_SCRIPT_FLAGS='none'
WIN32_EXTRA_LDFLAGS=''
WIN32_EXTRA_LIBADD=''
WITH_CRYPTO='0'
WITH_DEBUGGER='1'
WITH_MEM_DEBUG='0'
WITH_MODULES='0'
WITH_MODULES_FALSE=''
WITH_MODULES_TRUE='#'
WITH_PERL_FALSE='#'
WITH_PERL_TRUE=''
WITH_PYTHON_FALSE=''
WITH_PYTHON_TRUE='#'
WITH_TRIO='0'
WITH_XSLT_DEBUG='1'
XMLLINT='/Users/shantanujoshi/Documents/shantanujoshi.github.io/vendor/bundle/ruby/2.0.0/gems/nokogiri-1.6.7.2/ports/x86_64-apple-darwin16/libxml2/2.9.2/bin/xmllint'
XML_CONFIG='/Users/shantanujoshi/Documents/shantanujoshi.github.io/vendor/bundle/ruby/2.0.0/gems/nokogiri-1.6.7.2/ports/x86_64-apple-darwin16/libxml2/2.9.2/bin/xml2-config'
XSLTPROC='/usr/bin/xsltproc'
XSLTPROCDV=''
XSLT_INCLUDEDIR='-I${includedir}'
XSLT_LIBDIR='-L${libdir}'
XSLT_LIBS='-lxslt  -L/Users/shantanujoshi/Documents/shantanujoshi.github.io/vendor/bundle/ruby/2.0.0/gems/nokogiri-1.6.7.2/ports/x86_64-apple-darwin16/libxml2/2.9.2/lib -lxml2 -lz -lpthread -liconv -lm '
XSLT_LOCALE_WINAPI='0'
XSLT_LOCALE_XLOCALE='0'
ac_ct_AR='ar'
ac_ct_CC='gcc'
ac_ct_DUMPBIN='link -dump'
am__EXEEXT_FALSE=''
am__EXEEXT_TRUE='#'
am__fastdepCC_FALSE='#'
am__fastdepCC_TRUE=''
am__include='include'
am__isrc=''
am__leading_dot='.'
am__nodep='_no'
am__quote=''
am__tar='$${TAR-tar} chof - "$$tardir"'
am__untar='$${TAR-tar} xf -'
bindir='${exec_prefix}/bin'
build='x86_64-apple-darwin16.6.0'
build_alias=''
build_cpu='x86_64'
build_os='darwin16.6.0'
build_vendor='apple'
datadir='${datarootdir}'
datarootdir='${prefix}/share'
docdir='${datarootdir}/doc/${PACKAGE}'
dvidir='${docdir}'
exec_prefix='${prefix}'
host='x86_64-apple-darwin16'
host_alias='x86_64-apple-darwin16'
host_cpu='x86_64'
host_os='darwin16'
host_vendor='apple'
htmldir='${docdir}'
includedir='${prefix}/include'
infodir='${datarootdir}/info'
install_sh='${SHELL} /Users/shantanujoshi/Documents/shantanujoshi.github.io/vendor/bundle/ruby/2.0.0/gems/nokogiri-1.6.7.2/ext/nokogiri/tmp/x86_64-apple-darwin16/ports/libxslt/1.1.28/libxslt-1.1.28/install-sh'
libdir='${exec_prefix}/lib'
libexecdir='${exec_prefix}/libexec'
localedir='${datarootdir}/locale'
localstatedir='${prefix}/var'
mandir='${datarootdir}/man'
mkdir_p='$(top_builddir)/./install-sh -c -d'
oldincludedir='/usr/include'
pdfdir='${docdir}'
prefix='/Users/shantanujoshi/Documents/shantanujoshi.github.io/vendor/bundle/ruby/2.0.0/gems/nokogiri-1.6.7.2/ports/x86_64-apple-darwin16/libxslt/1.1.28'
program_transform_name='s,x,x,'
psdir='${docdir}'
pythondir=''
sbindir='${exec_prefix}/sbin'
sharedstatedir='${prefix}/com'
sysconfdir='${prefix}/etc'
target_alias=''

## ----------- ##
## confdefs.h. ##
## ----------- ##

/* confdefs.h */
#define PACKAGE_NAME ""
#define PACKAGE_TARNAME ""
#define PACKAGE_VERSION ""
#define PACKAGE_STRING ""
#define PACKAGE_BUGREPORT ""
#define PACKAGE_URL ""
#define STDC_HEADERS 1
#define HAVE_SYS_TYPES_H 1
#define HAVE_SYS_STAT_H 1
#define HAVE_STDLIB_H 1
#define HAVE_STRING_H 1
#define HAVE_MEMORY_H 1
#define HAVE_STRINGS_H 1
#define HAVE_INTTYPES_H 1
#define HAVE_STDINT_H 1
#define HAVE_UNISTD_H 1
#define __EXTENSIONS__ 1
#define _ALL_SOURCE 1
#define _GNU_SOURCE 1
#define _POSIX_PTHREAD_SEMANTICS 1
#define _TANDEM_SOURCE 1
#define PACKAGE "libxslt"
#define VERSION "1.1.28"
#define STDC_HEADERS 1
#define HAVE_DLFCN_H 1
#define LT_OBJDIR ".libs/"
#define HAVE_SYS_TYPES_H 1
#define HAVE_SYS_TIME_H 1
#define HAVE_STDLIB_H 1
#define HAVE_UNISTD_H 1
#define HAVE_STRING_H 1
#define HAVE_LIBPTHREAD /**/
#define HAVE_PTHREAD_H /**/
#define HAVE_LOCALE_H 1
#define HAVE_XLOCALE_H 1
#define HAVE_MATH_H 1
#define HAVE_FLOAT_H 1
#define HAVE_SYS_TIMEB_H 1
#define HAVE_TIME_H 1
#define HAVE_SYS_STAT_H 1
#define HAVE_SYS_SELECT_H 1
#define HAVE_STDARG_H 1
#define HAVE_STAT 1
#define HAVE_GETTIMEOFDAY 1
#define HAVE_MKTIME 1
#define HAVE_LOCALTIME 1
#define HAVE_LOCALTIME_R 1
#define HAVE_ASCTIME 1
#define HAVE_TIME 1
#define HAVE_GMTIME 1
#define HAVE_GMTIME_R 1
#define HAVE_FTIME 1
#define HAVE_PRINTF 1
#define HAVE_SPRINTF 1
#define HAVE_FPRINTF 1
#define HAVE_SNPRINTF 1
#define HAVE_VFPRINTF 1
#define HAVE_VSPRINTF 1
#define HAVE_VSNPRINTF 1
#define HAVE_SSCANF 1
#define HAVE_CLOCK_GETTIME 1
#define WITH_DEBUGGER /**/

configure: exit 0

## ---------------------- ##
## Running config.status. ##
## ---------------------- ##

This file was extended by config.status, which was
generated by GNU Autoconf 2.68.  Invocation command line was

  CONFIG_FILES    = 
  CONFIG_HEADERS  = 
  CONFIG_LINKS    = 
  CONFIG_COMMANDS = 
  $ ./config.status tests/docs/Makefile

on Shantanus-MBP

config.status:1255: creating tests/docs/Makefile

## ---------------------- ##
## Running config.status. ##
## ---------------------- ##

This file was extended by config.status, which was
generated by GNU Autoconf 2.68.  Invocation command line was

  CONFIG_FILES    = 
  CONFIG_HEADERS  = 
  CONFIG_LINKS    = 
  CONFIG_COMMANDS = 
  $ ./config.status tests/REC1/Makefile

on Shantanus-MBP

config.status:1255: creating tests/REC1/Makefile

## ---------------------- ##
## Running config.status. ##
## ---------------------- ##

This file was extended by config.status, which was
generated by GNU Autoconf 2.68.  Invocation command line was

  CONFIG_FILES    = 
  CONFIG_HEADERS  = 
  CONFIG_LINKS    = 
  CONFIG_COMMANDS = 
  $ ./config.status tests/REC2/Makefile

on Shantanus-MBP

config.status:1255: creating tests/REC2/Makefile

## ---------------------- ##
## Running config.status. ##
## ---------------------- ##

This file was extended by config.status, which was
generated by GNU Autoconf 2.68.  Invocation command line was

  CONFIG_FILES    = 
  CONFIG_HEADERS  = 
  CONFIG_LINKS    = 
  CONFIG_COMMANDS = 
  $ ./config.status tests/REC/Makefile

on Shantanus-MBP

config.status:1255: creating tests/REC/Makefile

## ---------------------- ##
## Running config.status. ##
## ---------------------- ##

This file was extended by config.status, which was
generated by GNU Autoconf 2.68.  Invocation command line was

  CONFIG_FILES    = 
  CONFIG_HEADERS  = 
  CONFIG_LINKS    = 
  CONFIG_COMMANDS = 
  $ ./config.status tests/general/Makefile

on Shantanus-MBP

config.status:1255: creating tests/general/Makefile

## ---------------------- ##
## Running config.status. ##
## ---------------------- ##

This file was extended by config.status, which was
generated by GNU Autoconf 2.68.  Invocation command line was

  CONFIG_FILES    = 
  CONFIG_HEADERS  = 
  CONFIG_LINKS    = 
  CONFIG_COMMANDS = 
  $ ./config.status tests/namespaces/Makefile

on Shantanus-MBP

config.status:1255: creating tests/namespaces/Makefile

## ---------------------- ##
## Running config.status. ##
## ---------------------- ##

This file was extended by config.status, which was
generated by GNU Autoconf 2.68.  Invocation command line was

  CONFIG_FILES    = 
  CONFIG_HEADERS  = 
  CONFIG_LINKS    = 
  CONFIG_COMMANDS = 
  $ ./config.status tests/keys/Makefile

on Shantanus-MBP

config.status:1255: creating tests/keys/Makefile

## ---------------------- ##
## Running config.status. ##
## ---------------------- ##

This file was extended by config.status, which was
generated by GNU Autoconf 2.68.  Invocation command line was

  CONFIG_FILES    = 
  CONFIG_HEADERS  = 
  CONFIG_LINKS    = 
  CONFIG_COMMANDS = 
  $ ./config.status tests/numbers/Makefile

on Shantanus-MBP

config.status:1255: creating tests/numbers/Makefile

## ---------------------- ##
## Running config.status. ##
## ---------------------- ##

This file was extended by config.status, which was
generated by GNU Autoconf 2.68.  Invocation command line was

  CONFIG_FILES    = 
  CONFIG_HEADERS  = 
  CONFIG_LINKS    = 
  CONFIG_COMMANDS = 
  $ ./config.status tests/documents/Makefile

on Shantanus-MBP

config.status:1255: creating tests/documents/Makefile

## ---------------------- ##
## Running config.status. ##
## ---------------------- ##

This file was extended by config.status, which was
generated by GNU Autoconf 2.68.  Invocation command line was

  CONFIG_FILES    = 
  CONFIG_HEADERS  = 
  CONFIG_LINKS    = 
  CONFIG_COMMANDS = 
  $ ./config.status tests/extensions/Makefile

on Shantanus-MBP

config.status:1255: creating tests/extensions/Makefile

## ---------------------- ##
## Running config.status. ##
## ---------------------- ##

This file was extended by config.status, which was
generated by GNU Autoconf 2.68.  Invocation command line was

  CONFIG_FILES    = 
  CONFIG_HEADERS  = 
  CONFIG_LINKS    = 
  CONFIG_COMMANDS = 
  $ ./config.status tests/reports/Makefile

on Shantanus-MBP

config.status:1255: creating tests/reports/Makefile

## ---------------------- ##
## Running config.status. ##
## ---------------------- ##

This file was extended by config.status, which was
generated by GNU Autoconf 2.68.  Invocation command line was

  CONFIG_FILES    = 
  CONFIG_HEADERS  = 
  CONFIG_LINKS    = 
  CONFIG_COMMANDS = 
  $ ./config.status tests/xmlspec/Makefile

on Shantanus-MBP

config.status:1255: creating tests/xmlspec/Makefile

## ---------------------- ##
## Running config.status. ##
## ---------------------- ##

This file was extended by config.status, which was
generated by GNU Autoconf 2.68.  Invocation command line was

  CONFIG_FILES    = 
  CONFIG_HEADERS  = 
  CONFIG_LINKS    = 
  CONFIG_COMMANDS = 
  $ ./config.status tests/multiple/Makefile

on Shantanus-MBP

config.status:1255: creating tests/multiple/Makefile

## ---------------------- ##
## Running config.status. ##
## ---------------------- ##

This file was extended by config.status, which was
generated by GNU Autoconf 2.68.  Invocation command line was

  CONFIG_FILES    = 
  CONFIG_HEADERS  = 
  CONFIG_LINKS    = 
  CONFIG_COMMANDS = 
  $ ./config.status tests/xinclude/Makefile

on Shantanus-MBP

config.status:1255: creating tests/xinclude/Makefile

## ---------------------- ##
## Running config.status. ##
## ---------------------- ##

This file was extended by config.status, which was
generated by GNU Autoconf 2.68.  Invocation command line was

  CONFIG_FILES    = 
  CONFIG_HEADERS  = 
  CONFIG_LINKS    = 
  CONFIG_COMMANDS = 
  $ ./config.status tests/XSLTMark/Makefile

on Shantanus-MBP

config.status:1255: creating tests/XSLTMark/Makefile

## ---------------------- ##
## Running config.status. ##
## ---------------------- ##

This file was extended by config.status, which was
generated by GNU Autoconf 2.68.  Invocation command line was

  CONFIG_FILES    = 
  CONFIG_HEADERS  = 
  CONFIG_LINKS    = 
  CONFIG_COMMANDS = 
  $ ./config.status tests/docbook/Makefile

on Shantanus-MBP

config.status:1255: creating tests/docbook/Makefile

## ---------------------- ##
## Running config.status. ##
## ---------------------- ##

This file was extended by config.status, which was
generated by GNU Autoconf 2.68.  Invocation command line was

  CONFIG_FILES    = 
  CONFIG_HEADERS  = 
  CONFIG_LINKS    = 
  CONFIG_COMMANDS = 
  $ ./config.status tests/exslt/Makefile

on Shantanus-MBP

config.status:1255: creating tests/exslt/Makefile

## ---------------------- ##
## Running config.status. ##
## ---------------------- ##

This file was extended by config.status, which was
generated by GNU Autoconf 2.68.  Invocation command line was

  CONFIG_FILES    = 
  CONFIG_HEADERS  = 
  CONFIG_LINKS    = 
  CONFIG_COMMANDS = 
  $ ./config.status tests/exslt/common/Makefile

on Shantanus-MBP

config.status:1255: creating tests/exslt/common/Makefile

## ---------------------- ##
## Running config.status. ##
## ---------------------- ##

This file was extended by config.status, which was
generated by GNU Autoconf 2.68.  Invocation command line was

  CONFIG_FILES    = 
  CONFIG_HEADERS  = 
  CONFIG_LINKS    = 
  CONFIG_COMMANDS = 
  $ ./config.status tests/exslt/functions/Makefile

on Shantanus-MBP

config.status:1255: creating tests/exslt/functions/Makefile

## ---------------------- ##
## Running config.status. ##
## ---------------------- ##

This file was extended by config.status, which was
generated by GNU Autoconf 2.68.  Invocation command line was

  CONFIG_FILES    = 
  CONFIG_HEADERS  = 
  CONFIG_LINKS    = 
  CONFIG_COMMANDS = 
  $ ./config.status tests/exslt/math/Makefile

on Shantanus-MBP

config.status:1255: creating tests/exslt/math/Makefile

## ---------------------- ##
## Running config.status. ##
## ---------------------- ##

This file was extended by config.status, which was
generated by GNU Autoconf 2.68.  Invocation command line was

  CONFIG_FILES    = 
  CONFIG_HEADERS  = 
  CONFIG_LINKS    = 
  CONFIG_COMMANDS = 
  $ ./config.status tests/exslt/sets/Makefile

on Shantanus-MBP

config.status:1255: creating tests/exslt/sets/Makefile

## ---------------------- ##
## Running config.status. ##
## ---------------------- ##

This file was extended by config.status, which was
generated by GNU Autoconf 2.68.  Invocation command line was

  CONFIG_FILES    = 
  CONFIG_HEADERS  = 
  CONFIG_LINKS    = 
  CONFIG_COMMANDS = 
  $ ./config.status tests/exslt/strings/Makefile

on Shantanus-MBP

config.status:1255: creating tests/exslt/strings/Makefile

## ---------------------- ##
## Running config.status. ##
## ---------------------- ##

This file was extended by config.status, which was
generated by GNU Autoconf 2.68.  Invocation command line was

  CONFIG_FILES    = 
  CONFIG_HEADERS  = 
  CONFIG_LINKS    = 
  CONFIG_COMMANDS = 
  $ ./config.status tests/exslt/dynamic/Makefile

on Shantanus-MBP

config.status:1255: creating tests/exslt/dynamic/Makefile

## ---------------------- ##
## Running config.status. ##
## ---------------------- ##

This file was extended by config.status, which was
generated by GNU Autoconf 2.68.  Invocation command line was

  CONFIG_FILES    = 
  CONFIG_HEADERS  = 
  CONFIG_LINKS    = 
  CONFIG_COMMANDS = 
  $ ./config.status tests/exslt/date/Makefile

on Shantanus-MBP

config.status:1255: creating tests/exslt/date/Makefile

## ---------------------- ##
## Running config.status. ##
## ---------------------- ##

This file was extended by config.status, which was
generated by GNU Autoconf 2.68.  Invocation command line was

  CONFIG_FILES    = 
  CONFIG_HEADERS  = 
  CONFIG_LINKS    = 
  CONFIG_COMMANDS = 
  $ ./config.status tests/plugins/Makefile depfiles

on Shantanus-MBP

config.status:1255: creating tests/plugins/Makefile
config.status:1484: executing depfiles commands

## ---------------------- ##
## Running config.status. ##
## ---------------------- ##

This file was extended by config.status, which was
generated by GNU Autoconf 2.68.  Invocation command line was

  CONFIG_FILES    = 
  CONFIG_HEADERS  = 
  CONFIG_LINKS    = 
  CONFIG_COMMANDS = 
  $ ./config.status tests/Makefile

on Shantanus-MBP

config.status:1255: creating tests/Makefile

## ---------------------- ##
## Running config.status. ##
## ---------------------- ##

This file was extended by config.status, which was
generated by GNU Autoconf 2.68.  Invocation command line was

  CONFIG_FILES    = 
  CONFIG_HEADERS  = 
  CONFIG_LINKS    = 
  CONFIG_COMMANDS = 
  $ ./config.status Makefile

on Shantanus-MBP

config.status:1255: creating Makefile

## ---------------------- ##
## Running config.status. ##
## ---------------------- ##

This file was extended by config.status, which was
generated by GNU Autoconf 2.68.  Invocation command line was

  CONFIG_FILES    = 
  CONFIG_HEADERS  = 
  CONFIG_LINKS    = 
  CONFIG_COMMANDS = 
  $ ./config.status libxslt/Makefile depfiles

on Shantanus-MBP

config.status:1255: creating libxslt/Makefile
config.status:1484: executing depfiles commands

## ---------------------- ##
## Running config.status. ##
## ---------------------- ##

This file was extended by config.status, which was
generated by GNU Autoconf 2.68.  Invocation command line was

  CONFIG_FILES    = 
  CONFIG_HEADERS  = 
  CONFIG_LINKS    = 
  CONFIG_COMMANDS = 
  $ ./config.status libexslt/Makefile depfiles

on Shantanus-MBP

config.status:1255: creating libexslt/Makefile
config.status:1484: executing depfiles commands

## ---------------------- ##
## Running config.status. ##
## ---------------------- ##

This file was extended by config.status, which was
generated by GNU Autoconf 2.68.  Invocation command line was

  CONFIG_FILES    = 
  CONFIG_HEADERS  = 
  CONFIG_LINKS    = 
  CONFIG_COMMANDS = 
  $ ./config.status xsltproc/Makefile depfiles

on Shantanus-MBP

config.status:1255: creating xsltproc/Makefile
config.status:1484: executing depfiles commands

## ---------------------- ##
## Running config.status. ##
## ---------------------- ##

This file was extended by config.status, which was
generated by GNU Autoconf 2.68.  Invocation command line was

  CONFIG_FILES    = 
  CONFIG_HEADERS  = 
  CONFIG_LINKS    = 
  CONFIG_COMMANDS = 
  $ ./config.status doc/Makefile

on Shantanus-MBP

config.status:1255: creating doc/Makefile
